{"/home/oumate/Documents/UY1/UY1-2025-2026/S2/INF352/bank-transaction-system/src/app.ts": {"path":"/home/oumate/Documents/UY1/UY1-2025-2026/S2/INF352/bank-transaction-system/src/app.ts","statementMap":{"0":{"start":{"line":1,"column":0},"end":{"line":1,"column":37}},"1":{"start":{"line":1,"column":37},"end":{"line":1,"column":null}},"2":{"start":{"line":2,"column":17},"end":{"line":2,"column":null}},"3":{"start":{"line":3,"column":19},"end":{"line":3,"column":null}},"4":{"start":{"line":4,"column":19},"end":{"line":4,"column":null}},"5":{"start":{"line":5,"column":23},"end":{"line":5,"column":null}},"6":{"start":{"line":7,"column":23},"end":{"line":7,"column":null}},"7":{"start":{"line":8,"column":39},"end":{"line":8,"column":null}},"8":{"start":{"line":9,"column":39},"end":{"line":9,"column":null}},"9":{"start":{"line":12,"column":23},"end":{"line":12,"column":null}},"10":{"start":{"line":13,"column":23},"end":{"line":13,"column":null}},"11":{"start":{"line":14,"column":26},"end":{"line":14,"column":null}},"12":{"start":{"line":15,"column":30},"end":{"line":15,"column":null}},"13":{"start":{"line":17,"column":25},"end":{"line":17,"column":44}},"14":{"start":{"line":18,"column":8},"end":{"line":18,"column":null}},"15":{"start":{"line":19,"column":8},"end":{"line":24,"column":null}},"16":{"start":{"line":27,"column":2},"end":{"line":27,"column":null}},"17":{"start":{"line":33,"column":2},"end":{"line":38,"column":null}},"18":{"start":{"line":41,"column":2},"end":{"line":41,"column":null}},"19":{"start":{"line":42,"column":2},"end":{"line":42,"column":null}},"20":{"start":{"line":45,"column":2},"end":{"line":49,"column":null}},"21":{"start":{"line":46,"column":4},"end":{"line":46,"column":null}},"22":{"start":{"line":48,"column":4},"end":{"line":48,"column":null}},"23":{"start":{"line":52,"column":2},"end":{"line":62,"column":null}},"24":{"start":{"line":53,"column":4},"end":{"line":61,"column":null}},"25":{"start":{"line":64,"column":2},"end":{"line":71,"column":null}},"26":{"start":{"line":65,"column":4},"end":{"line":70,"column":null}},"27":{"start":{"line":73,"column":2},"end":{"line":73,"column":null}},"28":{"start":{"line":76,"column":2},"end":{"line":79,"column":null}},"29":{"start":{"line":77,"column":4},"end":{"line":77,"column":null}},"30":{"start":{"line":78,"column":4},"end":{"line":78,"column":null}},"31":{"start":{"line":82,"column":2},"end":{"line":82,"column":null}},"32":{"start":{"line":83,"column":2},"end":{"line":83,"column":null}},"33":{"start":{"line":84,"column":2},"end":{"line":84,"column":null}},"34":{"start":{"line":85,"column":2},"end":{"line":85,"column":null}},"35":{"start":{"line":88,"column":2},"end":{"line":88,"column":null}},"36":{"start":{"line":89,"column":2},"end":{"line":89,"column":null}},"37":{"start":{"line":91,"column":2},"end":{"line":91,"column":null}}},"fnMap":{"0":{"name":"(anonymous_1)","decl":{"start":{"line":1,"column":0},"end":{"line":1,"column":37}},"loc":{"start":{"line":1,"column":0},"end":{"line":1,"column":37}}},"1":{"name":"(anonymous_8)","decl":{"start":{"line":17,"column":25},"end":{"line":17,"column":44}},"loc":{"start":{"line":17,"column":44},"end":{"line":92,"column":null}}},"2":{"name":"(anonymous_9)","decl":{"start":{"line":52,"column":15},"end":{"line":52,"column":16}},"loc":{"start":{"line":52,"column":29},"end":{"line":62,"column":3}}},"3":{"name":"(anonymous_10)","decl":{"start":{"line":64,"column":25},"end":{"line":64,"column":26}},"loc":{"start":{"line":64,"column":39},"end":{"line":71,"column":3}}},"4":{"name":"(anonymous_11)","decl":{"start":{"line":76,"column":31},"end":{"line":76,"column":32}},"loc":{"start":{"line":76,"column":45},"end":{"line":79,"column":3}}}},"branchMap":{"0":{"loc":{"start":{"line":1,"column":0},"end":{"line":1,"column":37}},"type":"if","locations":[{"start":{"line":1,"column":0},"end":{"line":1,"column":37}}]},"1":{"loc":{"start":{"line":1,"column":0},"end":{"line":1,"column":37}},"type":"binary-expr","locations":[{"start":{"line":1,"column":0},"end":{"line":1,"column":37}},{"start":{"line":1,"column":0},"end":{"line":1,"column":37}},{"start":{"line":1,"column":0},"end":{"line":1,"column":37}}]},"2":{"loc":{"start":{"line":1,"column":0},"end":{"line":1,"column":37}},"type":"binary-expr","locations":[{"start":{"line":1,"column":0},"end":{"line":1,"column":37}},{"start":{"line":1,"column":0},"end":{"line":1,"column":37}}]},"3":{"loc":{"start":{"line":45,"column":2},"end":{"line":49,"column":null}},"type":"if","locations":[{"start":{"line":45,"column":2},"end":{"line":49,"column":null}},{"start":{"line":47,"column":9},"end":{"line":49,"column":null}}]},"4":{"loc":{"start":{"line":17,"column":25},"end":{"line":17,"column":44}},"type":"binary-expr","locations":[{"start":{"line":17,"column":25},"end":{"line":17,"column":44}},{"start":{"line":17,"column":25},"end":{"line":17,"column":44}}]}},"s":{"0":278,"1":1,"2":1,"3":1,"4":1,"5":1,"6":1,"7":1,"8":1,"9":1,"10":1,"11":1,"12":1,"13":2,"14":4,"15":4,"16":4,"17":4,"18":4,"19":4,"20":4,"21":4,"22":0,"23":4,"24":0,"25":4,"26":0,"27":4,"28":4,"29":0,"30":0,"31":4,"32":4,"33":4,"34":4,"35":4,"36":4,"37":4},"f":{"0":46,"1":4,"2":0,"3":0,"4":0},"b":{"0":[107],"1":[19,19,14],"2":[211,198],"3":[4,0],"4":[1,0]}}
,"/home/oumate/Documents/UY1/UY1-2025-2026/S2/INF352/bank-transaction-system/src/config/database.ts": {"path":"/home/oumate/Documents/UY1/UY1-2025-2026/S2/INF352/bank-transaction-system/src/config/database.ts","statementMap":{"0":{"start":{"line":1,"column":0},"end":{"line":1,"column":29}},"1":{"start":{"line":1,"column":29},"end":{"line":1,"column":null}},"2":{"start":{"line":2,"column":25},"end":{"line":2,"column":null}},"3":{"start":{"line":3,"column":21},"end":{"line":3,"column":null}},"4":{"start":{"line":4,"column":23},"end":{"line":4,"column":null}},"5":{"start":{"line":6,"column":25},"end":{"line":6,"column":null}},"6":{"start":{"line":8,"column":13},"end":{"line":8,"column":null}},"7":{"start":{"line":9,"column":16},"end":{"line":9,"column":null}},"8":{"start":{"line":11,"column":30},"end":{"line":11,"column":36}},"9":{"start":{"line":12,"column":2},"end":{"line":15,"column":null}},"10":{"start":{"line":22,"column":15},"end":{"line":22,"column":null}},"11":{"start":{"line":24,"column":15},"end":{"line":24,"column":null}},"12":{"start":{"line":26,"column":0},"end":{"line":26,"column":null}},"13":{"start":{"line":26,"column":43},"end":{"line":26,"column":null}}},"fnMap":{"0":{"name":"(anonymous_1)","decl":{"start":{"line":1,"column":0},"end":{"line":1,"column":29}},"loc":{"start":{"line":1,"column":0},"end":{"line":1,"column":29}}},"1":{"name":"(anonymous_7)","decl":{"start":{"line":11,"column":30},"end":{"line":11,"column":36}},"loc":{"start":{"line":11,"column":36},"end":{"line":16,"column":null}}}},"branchMap":{"0":{"loc":{"start":{"line":1,"column":0},"end":{"line":1,"column":29}},"type":"if","locations":[{"start":{"line":1,"column":0},"end":{"line":1,"column":29}}]},"1":{"loc":{"start":{"line":1,"column":0},"end":{"line":1,"column":29}},"type":"binary-expr","locations":[{"start":{"line":1,"column":0},"end":{"line":1,"column":29}},{"start":{"line":1,"column":0},"end":{"line":1,"column":29}},{"start":{"line":1,"column":0},"end":{"line":1,"column":29}}]},"2":{"loc":{"start":{"line":1,"column":0},"end":{"line":1,"column":29}},"type":"binary-expr","locations":[{"start":{"line":1,"column":0},"end":{"line":1,"column":29}},{"start":{"line":1,"column":0},"end":{"line":1,"column":29}}]},"3":{"loc":{"start":{"line":14,"column":9},"end":{"line":14,"column":null}},"type":"cond-expr","locations":[{"start":{"line":14,"column":40},"end":{"line":14,"column":69}},{"start":{"line":14,"column":69},"end":{"line":14,"column":null}}]},"4":{"loc":{"start":{"line":22,"column":15},"end":{"line":22,"column":null}},"type":"binary-expr","locations":[{"start":{"line":22,"column":15},"end":{"line":22,"column":42}},{"start":{"line":22,"column":42},"end":{"line":22,"column":null}}]},"5":{"loc":{"start":{"line":26,"column":0},"end":{"line":26,"column":null}},"type":"if","locations":[{"start":{"line":26,"column":0},"end":{"line":26,"column":null}}]}},"s":{"0":2170,"1":1,"2":1,"3":1,"4":1,"5":1,"6":1,"7":1,"8":1,"9":1,"10":1,"11":1,"12":1,"13":1},"f":{"0":2154,"1":1},"b":{"0":[2],"1":[1,1,0],"2":[2,2],"3":[1,0],"4":[1,1],"5":[1]}}
,"/home/oumate/Documents/UY1/UY1-2025-2026/S2/INF352/bank-transaction-system/src/config/env.ts": {"path":"/home/oumate/Documents/UY1/UY1-2025-2026/S2/INF352/bank-transaction-system/src/config/env.ts","statementMap":{"0":{"start":{"line":1,"column":0},"end":{"line":1,"column":19}},"1":{"start":{"line":1,"column":19},"end":{"line":1,"column":null}},"2":{"start":{"line":3,"column":0},"end":{"line":3,"column":null}},"3":{"start":{"line":5,"column":22},"end":{"line":23,"column":null}},"4":{"start":{"line":23,"column":0},"end":{"line":23,"column":null}}},"fnMap":{"0":{"name":"(anonymous_1)","decl":{"start":{"line":1,"column":0},"end":{"line":1,"column":19}},"loc":{"start":{"line":1,"column":0},"end":{"line":1,"column":19}}}},"branchMap":{"0":{"loc":{"start":{"line":1,"column":0},"end":{"line":1,"column":19}},"type":"if","locations":[{"start":{"line":1,"column":0},"end":{"line":1,"column":19}}]},"1":{"loc":{"start":{"line":1,"column":0},"end":{"line":1,"column":19}},"type":"binary-expr","locations":[{"start":{"line":1,"column":0},"end":{"line":1,"column":19}},{"start":{"line":1,"column":0},"end":{"line":1,"column":19}},{"start":{"line":1,"column":0},"end":{"line":1,"column":19}}]},"2":{"loc":{"start":{"line":1,"column":0},"end":{"line":1,"column":19}},"type":"binary-expr","locations":[{"start":{"line":1,"column":0},"end":{"line":1,"column":19}},{"start":{"line":1,"column":0},"end":{"line":1,"column":19}}]},"3":{"loc":{"start":{"line":6,"column":7},"end":{"line":6,"column":null}},"type":"binary-expr","locations":[{"start":{"line":6,"column":7},"end":{"line":6,"column":31}},{"start":{"line":6,"column":31},"end":{"line":6,"column":null}}]},"4":{"loc":{"start":{"line":7,"column":17},"end":{"line":7,"column":43}},"type":"binary-expr","locations":[{"start":{"line":7,"column":17},"end":{"line":7,"column":37}},{"start":{"line":7,"column":37},"end":{"line":7,"column":43}}]},"5":{"loc":{"start":{"line":8,"column":10},"end":{"line":8,"column":null}},"type":"binary-expr","locations":[{"start":{"line":8,"column":10},"end":{"line":8,"column":33}},{"start":{"line":8,"column":33},"end":{"line":8,"column":null}}]},"6":{"loc":{"start":{"line":10,"column":9},"end":{"line":10,"column":null}},"type":"binary-expr","locations":[{"start":{"line":10,"column":9},"end":{"line":10,"column":37}},{"start":{"line":10,"column":37},"end":{"line":10,"column":null}}]},"7":{"loc":{"start":{"line":13,"column":21},"end":{"line":13,"column":74}},"type":"binary-expr","locations":[{"start":{"line":13,"column":21},"end":{"line":13,"column":49}},{"start":{"line":13,"column":49},"end":{"line":13,"column":74}}]},"8":{"loc":{"start":{"line":18,"column":12},"end":{"line":18,"column":null}},"type":"binary-expr","locations":[{"start":{"line":18,"column":12},"end":{"line":18,"column":38}},{"start":{"line":18,"column":38},"end":{"line":18,"column":null}}]},"9":{"loc":{"start":{"line":19,"column":12},"end":{"line":19,"column":null}},"type":"binary-expr","locations":[{"start":{"line":19,"column":12},"end":{"line":19,"column":38}},{"start":{"line":19,"column":38},"end":{"line":19,"column":null}}]},"10":{"loc":{"start":{"line":23,"column":0},"end":{"line":23,"column":null}},"type":"binary-expr","locations":[{"start":{"line":23,"column":0},"end":{"line":23,"column":null}},{"start":{"line":23,"column":0},"end":{"line":23,"column":null}}]}},"s":{"0":711,"1":1,"2":1,"3":1,"4":1},"f":{"0":677},"b":{"0":[10],"1":[3,3,1],"2":[18,16],"3":[1,0],"4":[1,0],"5":[1,0],"6":[1,0],"7":[1,0],"8":[1,0],"9":[1,0],"10":[1,0]}}
,"/home/oumate/Documents/UY1/UY1-2025-2026/S2/INF352/bank-transaction-system/src/config/swagger.ts": {"path":"/home/oumate/Documents/UY1/UY1-2025-2026/S2/INF352/bank-transaction-system/src/config/swagger.ts","statementMap":{"0":{"start":{"line":1,"column":0},"end":{"line":1,"column":25}},"1":{"start":{"line":1,"column":25},"end":{"line":1,"column":null}},"2":{"start":{"line":2,"column":29},"end":{"line":2,"column":null}},"3":{"start":{"line":3,"column":23},"end":{"line":3,"column":null}},"4":{"start":{"line":5,"column":23},"end":{"line":618,"column":null}},"5":{"start":{"line":621,"column":13},"end":{"line":621,"column":null}},"6":{"start":{"line":622,"column":25},"end":{"line":622,"column":null}}},"fnMap":{"0":{"name":"(anonymous_1)","decl":{"start":{"line":1,"column":0},"end":{"line":1,"column":25}},"loc":{"start":{"line":1,"column":0},"end":{"line":1,"column":25}}}},"branchMap":{"0":{"loc":{"start":{"line":1,"column":0},"end":{"line":1,"column":25}},"type":"if","locations":[{"start":{"line":1,"column":0},"end":{"line":1,"column":25}}]},"1":{"loc":{"start":{"line":1,"column":0},"end":{"line":1,"column":25}},"type":"binary-expr","locations":[{"start":{"line":1,"column":0},"end":{"line":1,"column":25}},{"start":{"line":1,"column":0},"end":{"line":1,"column":25}},{"start":{"line":1,"column":0},"end":{"line":1,"column":25}}]},"2":{"loc":{"start":{"line":1,"column":0},"end":{"line":1,"column":25}},"type":"binary-expr","locations":[{"start":{"line":1,"column":0},"end":{"line":1,"column":25}},{"start":{"line":1,"column":0},"end":{"line":1,"column":25}}]},"3":{"loc":{"start":{"line":116,"column":21},"end":{"line":118,"column":null}},"type":"cond-expr","locations":[{"start":{"line":117,"column":12},"end":{"line":117,"column":null}},{"start":{"line":118,"column":12},"end":{"line":118,"column":null}}]},"4":{"loc":{"start":{"line":122,"column":21},"end":{"line":122,"column":null}},"type":"cond-expr","locations":[{"start":{"line":122,"column":57},"end":{"line":122,"column":67}},{"start":{"line":122,"column":67},"end":{"line":122,"column":null}}]},"5":{"loc":{"start":{"line":128,"column":21},"end":{"line":130,"column":null}},"type":"cond-expr","locations":[{"start":{"line":129,"column":12},"end":{"line":129,"column":null}},{"start":{"line":130,"column":12},"end":{"line":130,"column":null}}]},"6":{"loc":{"start":{"line":622,"column":25},"end":{"line":622,"column":null}},"type":"binary-expr","locations":[{"start":{"line":622,"column":25},"end":{"line":622,"column":null}},{"start":{"line":622,"column":25},"end":{"line":622,"column":null}}]}},"s":{"0":70,"1":1,"2":1,"3":1,"4":1,"5":1,"6":2},"f":{"0":31},"b":{"0":[12],"1":[5,5,3],"2":[22,18],"3":[1,0],"4":[0,1],"5":[1,0],"6":[1,0]}}
,"/home/oumate/Documents/UY1/UY1-2025-2026/S2/INF352/bank-transaction-system/src/controllers/account.controller.ts": {"path":"/home/oumate/Documents/UY1/UY1-2025-2026/S2/INF352/bank-transaction-system/src/controllers/account.controller.ts","statementMap":{"0":{"start":{"line":1,"column":0},"end":{"line":1,"column":null}},"1":{"start":{"line":2,"column":31},"end":{"line":2,"column":null}},"2":{"start":{"line":3,"column":25},"end":{"line":3,"column":null}},"3":{"start":{"line":6,"column":33},"end":{"line":163,"column":null}},"4":{"start":{"line":8,"column":4},"end":{"line":27,"column":null}},"5":{"start":{"line":9,"column":19},"end":{"line":9,"column":null}},"6":{"start":{"line":10,"column":20},"end":{"line":10,"column":null}},"7":{"start":{"line":12,"column":21},"end":{"line":12,"column":null}},"8":{"start":{"line":14,"column":6},"end":{"line":24,"column":null}},"9":{"start":{"line":26,"column":6},"end":{"line":26,"column":null}},"10":{"start":{"line":31,"column":4},"end":{"line":56,"column":null}},"11":{"start":{"line":32,"column":25},"end":{"line":32,"column":null}},"12":{"start":{"line":33,"column":19},"end":{"line":33,"column":null}},"13":{"start":{"line":34,"column":20},"end":{"line":34,"column":null}},"14":{"start":{"line":37,"column":6},"end":{"line":39,"column":null}},"15":{"start":{"line":38,"column":8},"end":{"line":38,"column":null}},"16":{"start":{"line":41,"column":21},"end":{"line":41,"column":null}},"17":{"start":{"line":43,"column":6},"end":{"line":53,"column":null}},"18":{"start":{"line":55,"column":6},"end":{"line":55,"column":null}},"19":{"start":{"line":60,"column":4},"end":{"line":81,"column":null}},"20":{"start":{"line":61,"column":28},"end":{"line":61,"column":null}},"21":{"start":{"line":63,"column":22},"end":{"line":63,"column":null}},"22":{"start":{"line":66,"column":6},"end":{"line":68,"column":null}},"23":{"start":{"line":67,"column":8},"end":{"line":67,"column":null}},"24":{"start":{"line":70,"column":6},"end":{"line":74,"column":null}},"25":{"start":{"line":76,"column":6},"end":{"line":80,"column":null}},"26":{"start":{"line":77,"column":8},"end":{"line":77,"column":null}},"27":{"start":{"line":79,"column":8},"end":{"line":79,"column":null}},"28":{"start":{"line":85,"column":4},"end":{"line":106,"column":null}},"29":{"start":{"line":86,"column":25},"end":{"line":86,"column":null}},"30":{"start":{"line":89,"column":6},"end":{"line":91,"column":null}},"31":{"start":{"line":90,"column":8},"end":{"line":90,"column":null}},"32":{"start":{"line":93,"column":22},"end":{"line":93,"column":null}},"33":{"start":{"line":95,"column":6},"end":{"line":99,"column":null}},"34":{"start":{"line":101,"column":6},"end":{"line":105,"column":null}},"35":{"start":{"line":102,"column":8},"end":{"line":102,"column":null}},"36":{"start":{"line":104,"column":8},"end":{"line":104,"column":null}},"37":{"start":{"line":110,"column":4},"end":{"line":133,"column":null}},"38":{"start":{"line":111,"column":28},"end":{"line":111,"column":null}},"39":{"start":{"line":113,"column":22},"end":{"line":113,"column":null}},"40":{"start":{"line":116,"column":6},"end":{"line":118,"column":null}},"41":{"start":{"line":117,"column":8},"end":{"line":117,"column":null}},"42":{"start":{"line":120,"column":22},"end":{"line":120,"column":null}},"43":{"start":{"line":122,"column":6},"end":{"line":126,"column":null}},"44":{"start":{"line":128,"column":6},"end":{"line":132,"column":null}},"45":{"start":{"line":129,"column":8},"end":{"line":129,"column":null}},"46":{"start":{"line":131,"column":8},"end":{"line":131,"column":null}},"47":{"start":{"line":137,"column":4},"end":{"line":161,"column":null}},"48":{"start":{"line":138,"column":28},"end":{"line":138,"column":null}},"49":{"start":{"line":140,"column":22},"end":{"line":140,"column":null}},"50":{"start":{"line":143,"column":6},"end":{"line":145,"column":null}},"51":{"start":{"line":144,"column":8},"end":{"line":144,"column":null}},"52":{"start":{"line":147,"column":21},"end":{"line":147,"column":null}},"53":{"start":{"line":149,"column":6},"end":{"line":152,"column":null}},"54":{"start":{"line":154,"column":6},"end":{"line":160,"column":null}},"55":{"start":{"line":155,"column":8},"end":{"line":155,"column":null}},"56":{"start":{"line":156,"column":6},"end":{"line":160,"column":null}},"57":{"start":{"line":157,"column":8},"end":{"line":157,"column":null}},"58":{"start":{"line":159,"column":8},"end":{"line":159,"column":null}},"59":{"start":{"line":163,"column":0},"end":{"line":163,"column":null}}},"fnMap":{"0":{"name":"(anonymous_1)","decl":{"start":{"line":1,"column":0},"end":{"line":1,"column":null}},"loc":{"start":{"line":1,"column":0},"end":{"line":1,"column":null}}},"1":{"name":"(anonymous_6)","decl":{"start":{"line":7,"column":2},"end":{"line":7,"column":8}},"loc":{"start":{"line":7,"column":76},"end":{"line":28,"column":null}}},"2":{"name":"(anonymous_7)","decl":{"start":{"line":30,"column":2},"end":{"line":30,"column":8}},"loc":{"start":{"line":30,"column":77},"end":{"line":57,"column":null}}},"3":{"name":"(anonymous_8)","decl":{"start":{"line":59,"column":2},"end":{"line":59,"column":8}},"loc":{"start":{"line":59,"column":76},"end":{"line":82,"column":null}}},"4":{"name":"(anonymous_9)","decl":{"start":{"line":84,"column":2},"end":{"line":84,"column":8}},"loc":{"start":{"line":84,"column":75},"end":{"line":107,"column":null}}},"5":{"name":"(anonymous_10)","decl":{"start":{"line":109,"column":2},"end":{"line":109,"column":8}},"loc":{"start":{"line":109,"column":75},"end":{"line":134,"column":null}}},"6":{"name":"(anonymous_11)","decl":{"start":{"line":136,"column":2},"end":{"line":136,"column":8}},"loc":{"start":{"line":136,"column":75},"end":{"line":162,"column":null}}}},"branchMap":{"0":{"loc":{"start":{"line":1,"column":0},"end":{"line":1,"column":null}},"type":"if","locations":[{"start":{"line":1,"column":0},"end":{"line":1,"column":null}}]},"1":{"loc":{"start":{"line":1,"column":0},"end":{"line":1,"column":null}},"type":"binary-expr","locations":[{"start":{"line":1,"column":0},"end":{"line":1,"column":null}},{"start":{"line":1,"column":0},"end":{"line":1,"column":null}},{"start":{"line":1,"column":0},"end":{"line":1,"column":null}}]},"2":{"loc":{"start":{"line":1,"column":0},"end":{"line":1,"column":null}},"type":"binary-expr","locations":[{"start":{"line":1,"column":0},"end":{"line":1,"column":null}},{"start":{"line":1,"column":0},"end":{"line":1,"column":null}}]},"3":{"loc":{"start":{"line":9,"column":19},"end":{"line":9,"column":null}},"type":"binary-expr","locations":[{"start":{"line":9,"column":19},"end":{"line":9,"column":57}},{"start":{"line":9,"column":57},"end":{"line":9,"column":null}}]},"4":{"loc":{"start":{"line":10,"column":20},"end":{"line":10,"column":null}},"type":"binary-expr","locations":[{"start":{"line":10,"column":20},"end":{"line":10,"column":59}},{"start":{"line":10,"column":59},"end":{"line":10,"column":null}}]},"5":{"loc":{"start":{"line":33,"column":19},"end":{"line":33,"column":null}},"type":"binary-expr","locations":[{"start":{"line":33,"column":19},"end":{"line":33,"column":57}},{"start":{"line":33,"column":57},"end":{"line":33,"column":null}}]},"6":{"loc":{"start":{"line":34,"column":20},"end":{"line":34,"column":null}},"type":"binary-expr","locations":[{"start":{"line":34,"column":20},"end":{"line":34,"column":59}},{"start":{"line":34,"column":59},"end":{"line":34,"column":null}}]},"7":{"loc":{"start":{"line":37,"column":6},"end":{"line":39,"column":null}},"type":"if","locations":[{"start":{"line":37,"column":6},"end":{"line":39,"column":null}}]},"8":{"loc":{"start":{"line":37,"column":10},"end":{"line":37,"column":66}},"type":"binary-expr","locations":[{"start":{"line":37,"column":10},"end":{"line":37,"column":43}},{"start":{"line":37,"column":43},"end":{"line":37,"column":66}}]},"9":{"loc":{"start":{"line":66,"column":6},"end":{"line":68,"column":null}},"type":"if","locations":[{"start":{"line":66,"column":6},"end":{"line":68,"column":null}}]},"10":{"loc":{"start":{"line":66,"column":10},"end":{"line":66,"column":74}},"type":"binary-expr","locations":[{"start":{"line":66,"column":10},"end":{"line":66,"column":43}},{"start":{"line":66,"column":43},"end":{"line":66,"column":74}}]},"11":{"loc":{"start":{"line":76,"column":6},"end":{"line":80,"column":null}},"type":"if","locations":[{"start":{"line":76,"column":6},"end":{"line":80,"column":null}},{"start":{"line":78,"column":13},"end":{"line":80,"column":null}}]},"12":{"loc":{"start":{"line":89,"column":6},"end":{"line":91,"column":null}},"type":"if","locations":[{"start":{"line":89,"column":6},"end":{"line":91,"column":null}}]},"13":{"loc":{"start":{"line":89,"column":10},"end":{"line":89,"column":66}},"type":"binary-expr","locations":[{"start":{"line":89,"column":10},"end":{"line":89,"column":43}},{"start":{"line":89,"column":43},"end":{"line":89,"column":66}}]},"14":{"loc":{"start":{"line":101,"column":6},"end":{"line":105,"column":null}},"type":"if","locations":[{"start":{"line":101,"column":6},"end":{"line":105,"column":null}},{"start":{"line":103,"column":13},"end":{"line":105,"column":null}}]},"15":{"loc":{"start":{"line":116,"column":6},"end":{"line":118,"column":null}},"type":"if","locations":[{"start":{"line":116,"column":6},"end":{"line":118,"column":null}}]},"16":{"loc":{"start":{"line":116,"column":10},"end":{"line":116,"column":74}},"type":"binary-expr","locations":[{"start":{"line":116,"column":10},"end":{"line":116,"column":43}},{"start":{"line":116,"column":43},"end":{"line":116,"column":74}}]},"17":{"loc":{"start":{"line":128,"column":6},"end":{"line":132,"column":null}},"type":"if","locations":[{"start":{"line":128,"column":6},"end":{"line":132,"column":null}},{"start":{"line":130,"column":13},"end":{"line":132,"column":null}}]},"18":{"loc":{"start":{"line":143,"column":6},"end":{"line":145,"column":null}},"type":"if","locations":[{"start":{"line":143,"column":6},"end":{"line":145,"column":null}}]},"19":{"loc":{"start":{"line":143,"column":10},"end":{"line":143,"column":74}},"type":"binary-expr","locations":[{"start":{"line":143,"column":10},"end":{"line":143,"column":43}},{"start":{"line":143,"column":43},"end":{"line":143,"column":74}}]},"20":{"loc":{"start":{"line":154,"column":6},"end":{"line":160,"column":null}},"type":"if","locations":[{"start":{"line":154,"column":6},"end":{"line":160,"column":null}},{"start":{"line":156,"column":6},"end":{"line":160,"column":null}}]},"21":{"loc":{"start":{"line":156,"column":6},"end":{"line":160,"column":null}},"type":"if","locations":[{"start":{"line":156,"column":6},"end":{"line":160,"column":null}},{"start":{"line":158,"column":13},"end":{"line":160,"column":null}}]},"22":{"loc":{"start":{"line":163,"column":0},"end":{"line":163,"column":null}},"type":"binary-expr","locations":[{"start":{"line":163,"column":0},"end":{"line":163,"column":null}},{"start":{"line":163,"column":0},"end":{"line":163,"column":null}}]}},"s":{"0":30,"1":1,"2":1,"3":1,"4":0,"5":0,"6":0,"7":0,"8":0,"9":0,"10":2,"11":2,"12":2,"13":2,"14":2,"15":0,"16":2,"17":2,"18":0,"19":10,"20":10,"21":10,"22":9,"23":0,"24":9,"25":1,"26":1,"27":0,"28":48,"29":48,"30":48,"31":0,"32":48,"33":47,"34":1,"35":0,"36":1,"37":1,"38":1,"39":1,"40":1,"41":0,"42":1,"43":1,"44":0,"45":0,"46":0,"47":2,"48":2,"49":2,"50":2,"51":0,"52":2,"53":1,"54":1,"55":0,"56":1,"57":1,"58":0,"59":1},"f":{"0":15,"1":0,"2":2,"3":10,"4":48,"5":1,"6":2},"b":{"0":[2],"1":[1,1,0],"2":[2,2],"3":[0,0],"4":[0,0],"5":[2,1],"6":[2,1],"7":[0],"8":[2,2],"9":[0],"10":[9,9],"11":[1,0],"12":[0],"13":[48,48],"14":[0,1],"15":[0],"16":[1,1],"17":[0,0],"18":[0],"19":[2,2],"20":[0,1],"21":[1,0],"22":[1,0]}}
,"/home/oumate/Documents/UY1/UY1-2025-2026/S2/INF352/bank-transaction-system/src/controllers/auth.controller.ts": {"path":"/home/oumate/Documents/UY1/UY1-2025-2026/S2/INF352/bank-transaction-system/src/controllers/auth.controller.ts","statementMap":{"0":{"start":{"line":1,"column":0},"end":{"line":1,"column":null}},"1":{"start":{"line":2,"column":28},"end":{"line":2,"column":null}},"2":{"start":{"line":3,"column":25},"end":{"line":3,"column":null}},"3":{"start":{"line":6,"column":30},"end":{"line":87,"column":null}},"4":{"start":{"line":8,"column":4},"end":{"line":26,"column":null}},"5":{"start":{"line":9,"column":21},"end":{"line":9,"column":null}},"6":{"start":{"line":11,"column":6},"end":{"line":19,"column":null}},"7":{"start":{"line":21,"column":6},"end":{"line":25,"column":null}},"8":{"start":{"line":22,"column":8},"end":{"line":22,"column":null}},"9":{"start":{"line":24,"column":8},"end":{"line":24,"column":null}},"10":{"start":{"line":30,"column":4},"end":{"line":50,"column":null}},"11":{"start":{"line":31,"column":21},"end":{"line":31,"column":null}},"12":{"start":{"line":33,"column":6},"end":{"line":41,"column":null}},"13":{"start":{"line":43,"column":6},"end":{"line":49,"column":null}},"14":{"start":{"line":44,"column":8},"end":{"line":44,"column":null}},"15":{"start":{"line":45,"column":6},"end":{"line":49,"column":null}},"16":{"start":{"line":46,"column":8},"end":{"line":46,"column":null}},"17":{"start":{"line":48,"column":8},"end":{"line":48,"column":null}},"18":{"start":{"line":54,"column":4},"end":{"line":66,"column":null}},"19":{"start":{"line":55,"column":31},"end":{"line":55,"column":null}},"20":{"start":{"line":57,"column":21},"end":{"line":57,"column":null}},"21":{"start":{"line":59,"column":6},"end":{"line":63,"column":null}},"22":{"start":{"line":65,"column":6},"end":{"line":65,"column":null}},"23":{"start":{"line":70,"column":4},"end":{"line":85,"column":null}},"24":{"start":{"line":71,"column":31},"end":{"line":71,"column":null}},"25":{"start":{"line":73,"column":6},"end":{"line":75,"column":null}},"26":{"start":{"line":74,"column":8},"end":{"line":74,"column":null}},"27":{"start":{"line":77,"column":6},"end":{"line":77,"column":null}},"28":{"start":{"line":79,"column":6},"end":{"line":82,"column":null}},"29":{"start":{"line":84,"column":6},"end":{"line":84,"column":null}},"30":{"start":{"line":87,"column":0},"end":{"line":87,"column":null}}},"fnMap":{"0":{"name":"(anonymous_1)","decl":{"start":{"line":1,"column":0},"end":{"line":1,"column":null}},"loc":{"start":{"line":1,"column":0},"end":{"line":1,"column":null}}},"1":{"name":"(anonymous_6)","decl":{"start":{"line":7,"column":2},"end":{"line":7,"column":8}},"loc":{"start":{"line":7,"column":70},"end":{"line":27,"column":null}}},"2":{"name":"(anonymous_7)","decl":{"start":{"line":29,"column":2},"end":{"line":29,"column":8}},"loc":{"start":{"line":29,"column":67},"end":{"line":51,"column":null}}},"3":{"name":"(anonymous_8)","decl":{"start":{"line":53,"column":2},"end":{"line":53,"column":8}},"loc":{"start":{"line":53,"column":74},"end":{"line":67,"column":null}}},"4":{"name":"(anonymous_9)","decl":{"start":{"line":69,"column":2},"end":{"line":69,"column":8}},"loc":{"start":{"line":69,"column":68},"end":{"line":86,"column":null}}}},"branchMap":{"0":{"loc":{"start":{"line":1,"column":0},"end":{"line":1,"column":null}},"type":"if","locations":[{"start":{"line":1,"column":0},"end":{"line":1,"column":null}}]},"1":{"loc":{"start":{"line":1,"column":0},"end":{"line":1,"column":null}},"type":"binary-expr","locations":[{"start":{"line":1,"column":0},"end":{"line":1,"column":null}},{"start":{"line":1,"column":0},"end":{"line":1,"column":null}},{"start":{"line":1,"column":0},"end":{"line":1,"column":null}}]},"2":{"loc":{"start":{"line":1,"column":0},"end":{"line":1,"column":null}},"type":"binary-expr","locations":[{"start":{"line":1,"column":0},"end":{"line":1,"column":null}},{"start":{"line":1,"column":0},"end":{"line":1,"column":null}}]},"3":{"loc":{"start":{"line":21,"column":6},"end":{"line":25,"column":null}},"type":"if","locations":[{"start":{"line":21,"column":6},"end":{"line":25,"column":null}},{"start":{"line":23,"column":13},"end":{"line":25,"column":null}}]},"4":{"loc":{"start":{"line":43,"column":6},"end":{"line":49,"column":null}},"type":"if","locations":[{"start":{"line":43,"column":6},"end":{"line":49,"column":null}},{"start":{"line":45,"column":6},"end":{"line":49,"column":null}}]},"5":{"loc":{"start":{"line":45,"column":6},"end":{"line":49,"column":null}},"type":"if","locations":[{"start":{"line":45,"column":6},"end":{"line":49,"column":null}},{"start":{"line":47,"column":13},"end":{"line":49,"column":null}}]},"6":{"loc":{"start":{"line":73,"column":6},"end":{"line":75,"column":null}},"type":"if","locations":[{"start":{"line":73,"column":6},"end":{"line":75,"column":null}}]},"7":{"loc":{"start":{"line":87,"column":0},"end":{"line":87,"column":null}},"type":"binary-expr","locations":[{"start":{"line":87,"column":0},"end":{"line":87,"column":null}},{"start":{"line":87,"column":0},"end":{"line":87,"column":null}}]}},"s":{"0":26,"1":1,"2":1,"3":1,"4":103,"5":103,"6":101,"7":2,"8":2,"9":0,"10":6,"11":6,"12":4,"13":2,"14":2,"15":0,"16":0,"17":0,"18":2,"19":2,"20":2,"21":1,"22":1,"23":2,"24":2,"25":2,"26":1,"27":1,"28":1,"29":1,"30":1},"f":{"0":11,"1":103,"2":6,"3":2,"4":2},"b":{"0":[2],"1":[1,1,0],"2":[2,2],"3":[2,0],"4":[2,0],"5":[0,0],"6":[1],"7":[1,0]}}
,"/home/oumate/Documents/UY1/UY1-2025-2026/S2/INF352/bank-transaction-system/src/controllers/transaction.controller.ts": {"path":"/home/oumate/Documents/UY1/UY1-2025-2026/S2/INF352/bank-transaction-system/src/controllers/transaction.controller.ts","statementMap":{"0":{"start":{"line":1,"column":0},"end":{"line":1,"column":null}},"1":{"start":{"line":2,"column":35},"end":{"line":2,"column":null}},"2":{"start":{"line":3,"column":25},"end":{"line":3,"column":null}},"3":{"start":{"line":6,"column":37},"end":{"line":161,"column":null}},"4":{"start":{"line":8,"column":4},"end":{"line":32,"column":null}},"5":{"start":{"line":9,"column":19},"end":{"line":9,"column":null}},"6":{"start":{"line":10,"column":20},"end":{"line":10,"column":null}},"7":{"start":{"line":13,"column":6},"end":{"line":15,"column":null}},"8":{"start":{"line":14,"column":8},"end":{"line":14,"column":null}},"9":{"start":{"line":17,"column":21},"end":{"line":17,"column":null}},"10":{"start":{"line":19,"column":6},"end":{"line":29,"column":null}},"11":{"start":{"line":31,"column":6},"end":{"line":31,"column":null}},"12":{"start":{"line":36,"column":4},"end":{"line":56,"column":null}},"13":{"start":{"line":37,"column":28},"end":{"line":37,"column":null}},"14":{"start":{"line":38,"column":19},"end":{"line":38,"column":null}},"15":{"start":{"line":39,"column":20},"end":{"line":39,"column":null}},"16":{"start":{"line":41,"column":21},"end":{"line":41,"column":null}},"17":{"start":{"line":43,"column":6},"end":{"line":53,"column":null}},"18":{"start":{"line":55,"column":6},"end":{"line":55,"column":null}},"19":{"start":{"line":60,"column":4},"end":{"line":79,"column":null}},"20":{"start":{"line":61,"column":26},"end":{"line":61,"column":null}},"21":{"start":{"line":63,"column":6},"end":{"line":67,"column":null}},"22":{"start":{"line":69,"column":6},"end":{"line":78,"column":null}},"23":{"start":{"line":73,"column":8},"end":{"line":73,"column":null}},"24":{"start":{"line":74,"column":6},"end":{"line":78,"column":null}},"25":{"start":{"line":75,"column":8},"end":{"line":75,"column":null}},"26":{"start":{"line":77,"column":8},"end":{"line":77,"column":null}},"27":{"start":{"line":83,"column":4},"end":{"line":101,"column":null}},"28":{"start":{"line":84,"column":26},"end":{"line":84,"column":null}},"29":{"start":{"line":86,"column":6},"end":{"line":90,"column":null}},"30":{"start":{"line":92,"column":6},"end":{"line":100,"column":null}},"31":{"start":{"line":93,"column":8},"end":{"line":93,"column":null}},"32":{"start":{"line":94,"column":6},"end":{"line":100,"column":null}},"33":{"start":{"line":95,"column":8},"end":{"line":95,"column":null}},"34":{"start":{"line":96,"column":6},"end":{"line":100,"column":null}},"35":{"start":{"line":97,"column":8},"end":{"line":97,"column":null}},"36":{"start":{"line":99,"column":8},"end":{"line":99,"column":null}},"37":{"start":{"line":105,"column":4},"end":{"line":130,"column":null}},"38":{"start":{"line":106,"column":26},"end":{"line":106,"column":null}},"39":{"start":{"line":108,"column":6},"end":{"line":112,"column":null}},"40":{"start":{"line":114,"column":6},"end":{"line":129,"column":null}},"41":{"start":{"line":118,"column":8},"end":{"line":118,"column":null}},"42":{"start":{"line":119,"column":6},"end":{"line":129,"column":null}},"43":{"start":{"line":124,"column":8},"end":{"line":124,"column":null}},"44":{"start":{"line":125,"column":6},"end":{"line":129,"column":null}},"45":{"start":{"line":126,"column":8},"end":{"line":126,"column":null}},"46":{"start":{"line":128,"column":8},"end":{"line":128,"column":null}},"47":{"start":{"line":134,"column":4},"end":{"line":159,"column":null}},"48":{"start":{"line":135,"column":28},"end":{"line":135,"column":null}},"49":{"start":{"line":137,"column":26},"end":{"line":137,"column":null}},"50":{"start":{"line":140,"column":6},"end":{"line":146,"column":null}},"51":{"start":{"line":145,"column":8},"end":{"line":145,"column":null}},"52":{"start":{"line":148,"column":6},"end":{"line":152,"column":null}},"53":{"start":{"line":154,"column":6},"end":{"line":158,"column":null}},"54":{"start":{"line":155,"column":8},"end":{"line":155,"column":null}},"55":{"start":{"line":157,"column":8},"end":{"line":157,"column":null}},"56":{"start":{"line":161,"column":0},"end":{"line":161,"column":null}}},"fnMap":{"0":{"name":"(anonymous_1)","decl":{"start":{"line":1,"column":0},"end":{"line":1,"column":null}},"loc":{"start":{"line":1,"column":0},"end":{"line":1,"column":null}}},"1":{"name":"(anonymous_6)","decl":{"start":{"line":7,"column":2},"end":{"line":7,"column":8}},"loc":{"start":{"line":7,"column":80},"end":{"line":33,"column":null}}},"2":{"name":"(anonymous_7)","decl":{"start":{"line":35,"column":2},"end":{"line":35,"column":8}},"loc":{"start":{"line":35,"column":84},"end":{"line":57,"column":null}}},"3":{"name":"(anonymous_8)","decl":{"start":{"line":59,"column":2},"end":{"line":59,"column":8}},"loc":{"start":{"line":59,"column":69},"end":{"line":80,"column":null}}},"4":{"name":"(anonymous_9)","decl":{"start":{"line":82,"column":2},"end":{"line":82,"column":8}},"loc":{"start":{"line":82,"column":70},"end":{"line":102,"column":null}}},"5":{"name":"(anonymous_10)","decl":{"start":{"line":104,"column":2},"end":{"line":104,"column":8}},"loc":{"start":{"line":104,"column":70},"end":{"line":131,"column":null}}},"6":{"name":"(anonymous_11)","decl":{"start":{"line":133,"column":2},"end":{"line":133,"column":8}},"loc":{"start":{"line":133,"column":87},"end":{"line":160,"column":null}}}},"branchMap":{"0":{"loc":{"start":{"line":1,"column":0},"end":{"line":1,"column":null}},"type":"if","locations":[{"start":{"line":1,"column":0},"end":{"line":1,"column":null}}]},"1":{"loc":{"start":{"line":1,"column":0},"end":{"line":1,"column":null}},"type":"binary-expr","locations":[{"start":{"line":1,"column":0},"end":{"line":1,"column":null}},{"start":{"line":1,"column":0},"end":{"line":1,"column":null}},{"start":{"line":1,"column":0},"end":{"line":1,"column":null}}]},"2":{"loc":{"start":{"line":1,"column":0},"end":{"line":1,"column":null}},"type":"binary-expr","locations":[{"start":{"line":1,"column":0},"end":{"line":1,"column":null}},{"start":{"line":1,"column":0},"end":{"line":1,"column":null}}]},"3":{"loc":{"start":{"line":9,"column":19},"end":{"line":9,"column":null}},"type":"binary-expr","locations":[{"start":{"line":9,"column":19},"end":{"line":9,"column":57}},{"start":{"line":9,"column":57},"end":{"line":9,"column":null}}]},"4":{"loc":{"start":{"line":10,"column":20},"end":{"line":10,"column":null}},"type":"binary-expr","locations":[{"start":{"line":10,"column":20},"end":{"line":10,"column":59}},{"start":{"line":10,"column":59},"end":{"line":10,"column":null}}]},"5":{"loc":{"start":{"line":13,"column":6},"end":{"line":15,"column":null}},"type":"if","locations":[{"start":{"line":13,"column":6},"end":{"line":15,"column":null}}]},"6":{"loc":{"start":{"line":38,"column":19},"end":{"line":38,"column":null}},"type":"binary-expr","locations":[{"start":{"line":38,"column":19},"end":{"line":38,"column":57}},{"start":{"line":38,"column":57},"end":{"line":38,"column":null}}]},"7":{"loc":{"start":{"line":39,"column":20},"end":{"line":39,"column":null}},"type":"binary-expr","locations":[{"start":{"line":39,"column":20},"end":{"line":39,"column":59}},{"start":{"line":39,"column":59},"end":{"line":39,"column":null}}]},"8":{"loc":{"start":{"line":69,"column":6},"end":{"line":78,"column":null}},"type":"if","locations":[{"start":{"line":69,"column":6},"end":{"line":78,"column":null}},{"start":{"line":74,"column":6},"end":{"line":78,"column":null}}]},"9":{"loc":{"start":{"line":70,"column":8},"end":{"line":71,"column":null}},"type":"binary-expr","locations":[{"start":{"line":70,"column":8},"end":{"line":70,"column":null}},{"start":{"line":71,"column":8},"end":{"line":71,"column":null}}]},"10":{"loc":{"start":{"line":74,"column":6},"end":{"line":78,"column":null}},"type":"if","locations":[{"start":{"line":74,"column":6},"end":{"line":78,"column":null}},{"start":{"line":76,"column":13},"end":{"line":78,"column":null}}]},"11":{"loc":{"start":{"line":92,"column":6},"end":{"line":100,"column":null}},"type":"if","locations":[{"start":{"line":92,"column":6},"end":{"line":100,"column":null}},{"start":{"line":94,"column":6},"end":{"line":100,"column":null}}]},"12":{"loc":{"start":{"line":94,"column":6},"end":{"line":100,"column":null}},"type":"if","locations":[{"start":{"line":94,"column":6},"end":{"line":100,"column":null}},{"start":{"line":96,"column":6},"end":{"line":100,"column":null}}]},"13":{"loc":{"start":{"line":94,"column":17},"end":{"line":94,"column":104}},"type":"binary-expr","locations":[{"start":{"line":94,"column":17},"end":{"line":94,"column":61}},{"start":{"line":94,"column":61},"end":{"line":94,"column":104}}]},"14":{"loc":{"start":{"line":96,"column":6},"end":{"line":100,"column":null}},"type":"if","locations":[{"start":{"line":96,"column":6},"end":{"line":100,"column":null}},{"start":{"line":98,"column":13},"end":{"line":100,"column":null}}]},"15":{"loc":{"start":{"line":114,"column":6},"end":{"line":129,"column":null}},"type":"if","locations":[{"start":{"line":114,"column":6},"end":{"line":129,"column":null}},{"start":{"line":119,"column":6},"end":{"line":129,"column":null}}]},"16":{"loc":{"start":{"line":115,"column":8},"end":{"line":116,"column":null}},"type":"binary-expr","locations":[{"start":{"line":115,"column":8},"end":{"line":115,"column":null}},{"start":{"line":116,"column":8},"end":{"line":116,"column":null}}]},"17":{"loc":{"start":{"line":119,"column":6},"end":{"line":129,"column":null}},"type":"if","locations":[{"start":{"line":119,"column":6},"end":{"line":129,"column":null}},{"start":{"line":125,"column":6},"end":{"line":129,"column":null}}]},"18":{"loc":{"start":{"line":120,"column":8},"end":{"line":122,"column":null}},"type":"binary-expr","locations":[{"start":{"line":120,"column":8},"end":{"line":120,"column":null}},{"start":{"line":121,"column":8},"end":{"line":121,"column":null}},{"start":{"line":122,"column":8},"end":{"line":122,"column":null}}]},"19":{"loc":{"start":{"line":125,"column":6},"end":{"line":129,"column":null}},"type":"if","locations":[{"start":{"line":125,"column":6},"end":{"line":129,"column":null}},{"start":{"line":127,"column":13},"end":{"line":129,"column":null}}]},"20":{"loc":{"start":{"line":140,"column":6},"end":{"line":146,"column":null}},"type":"if","locations":[{"start":{"line":140,"column":6},"end":{"line":146,"column":null}}]},"21":{"loc":{"start":{"line":141,"column":8},"end":{"line":143,"column":null}},"type":"binary-expr","locations":[{"start":{"line":141,"column":8},"end":{"line":141,"column":null}},{"start":{"line":142,"column":8},"end":{"line":142,"column":null}},{"start":{"line":143,"column":8},"end":{"line":143,"column":null}}]},"22":{"loc":{"start":{"line":154,"column":6},"end":{"line":158,"column":null}},"type":"if","locations":[{"start":{"line":154,"column":6},"end":{"line":158,"column":null}},{"start":{"line":156,"column":13},"end":{"line":158,"column":null}}]},"23":{"loc":{"start":{"line":161,"column":0},"end":{"line":161,"column":null}},"type":"binary-expr","locations":[{"start":{"line":161,"column":0},"end":{"line":161,"column":null}},{"start":{"line":161,"column":0},"end":{"line":161,"column":null}}]}},"s":{"0":30,"1":1,"2":1,"3":1,"4":0,"5":0,"6":0,"7":0,"8":0,"9":0,"10":0,"11":0,"12":2,"13":2,"14":2,"15":2,"16":2,"17":2,"18":0,"19":6,"20":6,"21":4,"22":2,"23":2,"24":0,"25":0,"26":0,"27":8,"28":8,"29":5,"30":3,"31":1,"32":2,"33":1,"34":1,"35":0,"36":1,"37":5,"38":5,"39":2,"40":3,"41":0,"42":3,"43":2,"44":1,"45":0,"46":1,"47":0,"48":0,"49":0,"50":0,"51":0,"52":0,"53":0,"54":0,"55":0,"56":1},"f":{"0":15,"1":0,"2":2,"3":6,"4":8,"5":5,"6":0},"b":{"0":[2],"1":[1,1,0],"2":[2,2],"3":[0,0],"4":[0,0],"5":[0],"6":[2,1],"7":[2,1],"8":[2,0],"9":[2,1],"10":[0,0],"11":[1,2],"12":[1,1],"13":[2,1],"14":[0,1],"15":[0,3],"16":[3,3],"17":[2,1],"18":[3,2,2],"19":[0,1],"20":[0],"21":[0,0,0],"22":[0,0],"23":[1,0]}}
,"/home/oumate/Documents/UY1/UY1-2025-2026/S2/INF352/bank-transaction-system/src/controllers/user.controller.ts": {"path":"/home/oumate/Documents/UY1/UY1-2025-2026/S2/INF352/bank-transaction-system/src/controllers/user.controller.ts","statementMap":{"0":{"start":{"line":1,"column":0},"end":{"line":1,"column":null}},"1":{"start":{"line":2,"column":28},"end":{"line":2,"column":null}},"2":{"start":{"line":3,"column":25},"end":{"line":3,"column":null}},"3":{"start":{"line":6,"column":30},"end":{"line":183,"column":null}},"4":{"start":{"line":8,"column":4},"end":{"line":27,"column":null}},"5":{"start":{"line":9,"column":19},"end":{"line":9,"column":null}},"6":{"start":{"line":10,"column":20},"end":{"line":10,"column":null}},"7":{"start":{"line":12,"column":21},"end":{"line":12,"column":null}},"8":{"start":{"line":14,"column":6},"end":{"line":24,"column":null}},"9":{"start":{"line":26,"column":6},"end":{"line":26,"column":null}},"10":{"start":{"line":31,"column":4},"end":{"line":52,"column":null}},"11":{"start":{"line":32,"column":21},"end":{"line":32,"column":null}},"12":{"start":{"line":35,"column":6},"end":{"line":37,"column":null}},"13":{"start":{"line":36,"column":8},"end":{"line":36,"column":null}},"14":{"start":{"line":39,"column":19},"end":{"line":39,"column":null}},"15":{"start":{"line":41,"column":6},"end":{"line":45,"column":null}},"16":{"start":{"line":47,"column":6},"end":{"line":51,"column":null}},"17":{"start":{"line":48,"column":8},"end":{"line":48,"column":null}},"18":{"start":{"line":50,"column":8},"end":{"line":50,"column":null}},"19":{"start":{"line":56,"column":4},"end":{"line":70,"column":null}},"20":{"start":{"line":57,"column":19},"end":{"line":57,"column":null}},"21":{"start":{"line":59,"column":6},"end":{"line":63,"column":null}},"22":{"start":{"line":65,"column":6},"end":{"line":69,"column":null}},"23":{"start":{"line":66,"column":8},"end":{"line":66,"column":null}},"24":{"start":{"line":68,"column":8},"end":{"line":68,"column":null}},"25":{"start":{"line":74,"column":4},"end":{"line":97,"column":null}},"26":{"start":{"line":75,"column":21},"end":{"line":75,"column":null}},"27":{"start":{"line":78,"column":6},"end":{"line":80,"column":null}},"28":{"start":{"line":79,"column":8},"end":{"line":79,"column":null}},"29":{"start":{"line":82,"column":19},"end":{"line":82,"column":null}},"30":{"start":{"line":84,"column":6},"end":{"line":88,"column":null}},"31":{"start":{"line":90,"column":6},"end":{"line":96,"column":null}},"32":{"start":{"line":91,"column":8},"end":{"line":91,"column":null}},"33":{"start":{"line":92,"column":6},"end":{"line":96,"column":null}},"34":{"start":{"line":93,"column":8},"end":{"line":93,"column":null}},"35":{"start":{"line":95,"column":8},"end":{"line":95,"column":null}},"36":{"start":{"line":101,"column":4},"end":{"line":116,"column":null}},"37":{"start":{"line":102,"column":21},"end":{"line":102,"column":null}},"38":{"start":{"line":104,"column":21},"end":{"line":104,"column":null}},"39":{"start":{"line":106,"column":6},"end":{"line":109,"column":null}},"40":{"start":{"line":111,"column":6},"end":{"line":115,"column":null}},"41":{"start":{"line":112,"column":8},"end":{"line":112,"column":null}},"42":{"start":{"line":114,"column":8},"end":{"line":114,"column":null}},"43":{"start":{"line":120,"column":4},"end":{"line":136,"column":null}},"44":{"start":{"line":121,"column":21},"end":{"line":121,"column":null}},"45":{"start":{"line":123,"column":19},"end":{"line":123,"column":null}},"46":{"start":{"line":125,"column":6},"end":{"line":129,"column":null}},"47":{"start":{"line":131,"column":6},"end":{"line":135,"column":null}},"48":{"start":{"line":132,"column":8},"end":{"line":132,"column":null}},"49":{"start":{"line":134,"column":8},"end":{"line":134,"column":null}},"50":{"start":{"line":140,"column":4},"end":{"line":156,"column":null}},"51":{"start":{"line":141,"column":21},"end":{"line":141,"column":null}},"52":{"start":{"line":143,"column":19},"end":{"line":143,"column":null}},"53":{"start":{"line":145,"column":6},"end":{"line":149,"column":null}},"54":{"start":{"line":151,"column":6},"end":{"line":155,"column":null}},"55":{"start":{"line":152,"column":8},"end":{"line":152,"column":null}},"56":{"start":{"line":154,"column":8},"end":{"line":154,"column":null}},"57":{"start":{"line":160,"column":4},"end":{"line":181,"column":null}},"58":{"start":{"line":161,"column":21},"end":{"line":161,"column":null}},"59":{"start":{"line":162,"column":23},"end":{"line":162,"column":null}},"60":{"start":{"line":164,"column":6},"end":{"line":166,"column":null}},"61":{"start":{"line":165,"column":8},"end":{"line":165,"column":null}},"62":{"start":{"line":168,"column":19},"end":{"line":168,"column":null}},"63":{"start":{"line":170,"column":6},"end":{"line":174,"column":null}},"64":{"start":{"line":176,"column":6},"end":{"line":180,"column":null}},"65":{"start":{"line":177,"column":8},"end":{"line":177,"column":null}},"66":{"start":{"line":179,"column":8},"end":{"line":179,"column":null}},"67":{"start":{"line":183,"column":0},"end":{"line":183,"column":null}}},"fnMap":{"0":{"name":"(anonymous_1)","decl":{"start":{"line":1,"column":0},"end":{"line":1,"column":null}},"loc":{"start":{"line":1,"column":0},"end":{"line":1,"column":null}}},"1":{"name":"(anonymous_6)","decl":{"start":{"line":7,"column":2},"end":{"line":7,"column":8}},"loc":{"start":{"line":7,"column":73},"end":{"line":28,"column":null}}},"2":{"name":"(anonymous_7)","decl":{"start":{"line":30,"column":2},"end":{"line":30,"column":8}},"loc":{"start":{"line":30,"column":73},"end":{"line":53,"column":null}}},"3":{"name":"(anonymous_8)","decl":{"start":{"line":55,"column":2},"end":{"line":55,"column":8}},"loc":{"start":{"line":55,"column":72},"end":{"line":71,"column":null}}},"4":{"name":"(anonymous_9)","decl":{"start":{"line":73,"column":2},"end":{"line":73,"column":8}},"loc":{"start":{"line":73,"column":72},"end":{"line":98,"column":null}}},"5":{"name":"(anonymous_10)","decl":{"start":{"line":100,"column":2},"end":{"line":100,"column":8}},"loc":{"start":{"line":100,"column":72},"end":{"line":117,"column":null}}},"6":{"name":"(anonymous_11)","decl":{"start":{"line":119,"column":2},"end":{"line":119,"column":8}},"loc":{"start":{"line":119,"column":74},"end":{"line":137,"column":null}}},"7":{"name":"(anonymous_12)","decl":{"start":{"line":139,"column":2},"end":{"line":139,"column":8}},"loc":{"start":{"line":139,"column":76},"end":{"line":157,"column":null}}},"8":{"name":"(anonymous_13)","decl":{"start":{"line":159,"column":2},"end":{"line":159,"column":8}},"loc":{"start":{"line":159,"column":76},"end":{"line":182,"column":null}}}},"branchMap":{"0":{"loc":{"start":{"line":1,"column":0},"end":{"line":1,"column":null}},"type":"if","locations":[{"start":{"line":1,"column":0},"end":{"line":1,"column":null}}]},"1":{"loc":{"start":{"line":1,"column":0},"end":{"line":1,"column":null}},"type":"binary-expr","locations":[{"start":{"line":1,"column":0},"end":{"line":1,"column":null}},{"start":{"line":1,"column":0},"end":{"line":1,"column":null}},{"start":{"line":1,"column":0},"end":{"line":1,"column":null}}]},"2":{"loc":{"start":{"line":1,"column":0},"end":{"line":1,"column":null}},"type":"binary-expr","locations":[{"start":{"line":1,"column":0},"end":{"line":1,"column":null}},{"start":{"line":1,"column":0},"end":{"line":1,"column":null}}]},"3":{"loc":{"start":{"line":9,"column":19},"end":{"line":9,"column":null}},"type":"binary-expr","locations":[{"start":{"line":9,"column":19},"end":{"line":9,"column":57}},{"start":{"line":9,"column":57},"end":{"line":9,"column":null}}]},"4":{"loc":{"start":{"line":10,"column":20},"end":{"line":10,"column":null}},"type":"binary-expr","locations":[{"start":{"line":10,"column":20},"end":{"line":10,"column":59}},{"start":{"line":10,"column":59},"end":{"line":10,"column":null}}]},"5":{"loc":{"start":{"line":35,"column":6},"end":{"line":37,"column":null}},"type":"if","locations":[{"start":{"line":35,"column":6},"end":{"line":37,"column":null}}]},"6":{"loc":{"start":{"line":35,"column":10},"end":{"line":35,"column":62}},"type":"binary-expr","locations":[{"start":{"line":35,"column":10},"end":{"line":35,"column":43}},{"start":{"line":35,"column":43},"end":{"line":35,"column":62}}]},"7":{"loc":{"start":{"line":47,"column":6},"end":{"line":51,"column":null}},"type":"if","locations":[{"start":{"line":47,"column":6},"end":{"line":51,"column":null}},{"start":{"line":49,"column":13},"end":{"line":51,"column":null}}]},"8":{"loc":{"start":{"line":65,"column":6},"end":{"line":69,"column":null}},"type":"if","locations":[{"start":{"line":65,"column":6},"end":{"line":69,"column":null}},{"start":{"line":67,"column":13},"end":{"line":69,"column":null}}]},"9":{"loc":{"start":{"line":78,"column":6},"end":{"line":80,"column":null}},"type":"if","locations":[{"start":{"line":78,"column":6},"end":{"line":80,"column":null}}]},"10":{"loc":{"start":{"line":78,"column":10},"end":{"line":78,"column":62}},"type":"binary-expr","locations":[{"start":{"line":78,"column":10},"end":{"line":78,"column":43}},{"start":{"line":78,"column":43},"end":{"line":78,"column":62}}]},"11":{"loc":{"start":{"line":90,"column":6},"end":{"line":96,"column":null}},"type":"if","locations":[{"start":{"line":90,"column":6},"end":{"line":96,"column":null}},{"start":{"line":92,"column":6},"end":{"line":96,"column":null}}]},"12":{"loc":{"start":{"line":92,"column":6},"end":{"line":96,"column":null}},"type":"if","locations":[{"start":{"line":92,"column":6},"end":{"line":96,"column":null}},{"start":{"line":94,"column":13},"end":{"line":96,"column":null}}]},"13":{"loc":{"start":{"line":111,"column":6},"end":{"line":115,"column":null}},"type":"if","locations":[{"start":{"line":111,"column":6},"end":{"line":115,"column":null}},{"start":{"line":113,"column":13},"end":{"line":115,"column":null}}]},"14":{"loc":{"start":{"line":131,"column":6},"end":{"line":135,"column":null}},"type":"if","locations":[{"start":{"line":131,"column":6},"end":{"line":135,"column":null}},{"start":{"line":133,"column":13},"end":{"line":135,"column":null}}]},"15":{"loc":{"start":{"line":151,"column":6},"end":{"line":155,"column":null}},"type":"if","locations":[{"start":{"line":151,"column":6},"end":{"line":155,"column":null}},{"start":{"line":153,"column":13},"end":{"line":155,"column":null}}]},"16":{"loc":{"start":{"line":164,"column":6},"end":{"line":166,"column":null}},"type":"if","locations":[{"start":{"line":164,"column":6},"end":{"line":166,"column":null}}]},"17":{"loc":{"start":{"line":176,"column":6},"end":{"line":180,"column":null}},"type":"if","locations":[{"start":{"line":176,"column":6},"end":{"line":180,"column":null}},{"start":{"line":178,"column":13},"end":{"line":180,"column":null}}]},"18":{"loc":{"start":{"line":183,"column":0},"end":{"line":183,"column":null}},"type":"binary-expr","locations":[{"start":{"line":183,"column":0},"end":{"line":183,"column":null}},{"start":{"line":183,"column":0},"end":{"line":183,"column":null}}]}},"s":{"0":34,"1":1,"2":1,"3":1,"4":2,"5":2,"6":2,"7":2,"8":2,"9":0,"10":4,"11":4,"12":4,"13":1,"14":3,"15":2,"16":2,"17":1,"18":1,"19":0,"20":0,"21":0,"22":0,"23":0,"24":0,"25":3,"26":3,"27":3,"28":1,"29":2,"30":2,"31":1,"32":0,"33":1,"34":0,"35":1,"36":2,"37":2,"38":2,"39":1,"40":1,"41":1,"42":0,"43":1,"44":1,"45":1,"46":1,"47":0,"48":0,"49":0,"50":2,"51":2,"52":2,"53":2,"54":0,"55":0,"56":0,"57":2,"58":2,"59":2,"60":2,"61":1,"62":1,"63":1,"64":1,"65":0,"66":1,"67":1},"f":{"0":19,"1":2,"2":4,"3":0,"4":3,"5":2,"6":1,"7":2,"8":2},"b":{"0":[2],"1":[1,1,0],"2":[2,2],"3":[2,1],"4":[2,1],"5":[1],"6":[4,2],"7":[1,1],"8":[0,0],"9":[1],"10":[3,2],"11":[0,1],"12":[0,1],"13":[1,0],"14":[0,0],"15":[0,0],"16":[1],"17":[0,1],"18":[1,0]}}
,"/home/oumate/Documents/UY1/UY1-2025-2026/S2/INF352/bank-transaction-system/src/middleware/auth.ts": {"path":"/home/oumate/Documents/UY1/UY1-2025-2026/S2/INF352/bank-transaction-system/src/middleware/auth.ts","statementMap":{"0":{"start":{"line":1,"column":0},"end":{"line":1,"column":null}},"1":{"start":{"line":2,"column":40},"end":{"line":2,"column":null}},"2":{"start":{"line":3,"column":25},"end":{"line":3,"column":null}},"3":{"start":{"line":14,"column":28},"end":{"line":14,"column":null}},"4":{"start":{"line":19,"column":2},"end":{"line":45,"column":null}},"5":{"start":{"line":20,"column":23},"end":{"line":20,"column":null}},"6":{"start":{"line":22,"column":4},"end":{"line":24,"column":null}},"7":{"start":{"line":23,"column":6},"end":{"line":23,"column":null}},"8":{"start":{"line":26,"column":18},"end":{"line":26,"column":null}},"9":{"start":{"line":27,"column":4},"end":{"line":27,"column":null}},"10":{"start":{"line":30,"column":10},"end":{"line":30,"column":null}},"11":{"start":{"line":31,"column":4},"end":{"line":33,"column":null}},"12":{"start":{"line":32,"column":6},"end":{"line":32,"column":null}},"13":{"start":{"line":35,"column":4},"end":{"line":35,"column":null}},"14":{"start":{"line":36,"column":4},"end":{"line":36,"column":null}},"15":{"start":{"line":38,"column":4},"end":{"line":38,"column":null}},"16":{"start":{"line":40,"column":4},"end":{"line":44,"column":null}},"17":{"start":{"line":41,"column":6},"end":{"line":41,"column":null}},"18":{"start":{"line":43,"column":6},"end":{"line":43,"column":null}},"19":{"start":{"line":51,"column":25},"end":{"line":51,"column":29}},"20":{"start":{"line":52,"column":2},"end":{"line":67,"column":null}},"21":{"start":{"line":53,"column":4},"end":{"line":55,"column":null}},"22":{"start":{"line":54,"column":6},"end":{"line":54,"column":null}},"23":{"start":{"line":57,"column":4},"end":{"line":64,"column":null}},"24":{"start":{"line":58,"column":6},"end":{"line":63,"column":null}},"25":{"start":{"line":66,"column":4},"end":{"line":66,"column":null}},"26":{"start":{"line":73,"column":28},"end":{"line":73,"column":null}},"27":{"start":{"line":78,"column":2},"end":{"line":95,"column":null}},"28":{"start":{"line":79,"column":23},"end":{"line":79,"column":null}},"29":{"start":{"line":81,"column":4},"end":{"line":89,"column":null}},"30":{"start":{"line":82,"column":20},"end":{"line":82,"column":null}},"31":{"start":{"line":83,"column":12},"end":{"line":83,"column":null}},"32":{"start":{"line":85,"column":6},"end":{"line":88,"column":null}},"33":{"start":{"line":86,"column":8},"end":{"line":86,"column":null}},"34":{"start":{"line":87,"column":8},"end":{"line":87,"column":null}},"35":{"start":{"line":91,"column":4},"end":{"line":91,"column":null}},"36":{"start":{"line":94,"column":4},"end":{"line":94,"column":null}}},"fnMap":{"0":{"name":"(anonymous_1)","decl":{"start":{"line":1,"column":0},"end":{"line":1,"column":null}},"loc":{"start":{"line":1,"column":0},"end":{"line":1,"column":null}}},"1":{"name":"(anonymous_9)","decl":{"start":{"line":14,"column":28},"end":{"line":14,"column":null}},"loc":{"start":{"line":18,"column":5},"end":{"line":46,"column":null}}},"2":{"name":"(anonymous_10)","decl":{"start":{"line":51,"column":25},"end":{"line":51,"column":29}},"loc":{"start":{"line":51,"column":56},"end":{"line":68,"column":null}}},"3":{"name":"(anonymous_11)","decl":{"start":{"line":52,"column":9},"end":{"line":52,"column":10}},"loc":{"start":{"line":52,"column":66},"end":{"line":67,"column":null}}},"4":{"name":"(anonymous_12)","decl":{"start":{"line":73,"column":28},"end":{"line":73,"column":null}},"loc":{"start":{"line":77,"column":5},"end":{"line":96,"column":null}}}},"branchMap":{"0":{"loc":{"start":{"line":1,"column":0},"end":{"line":1,"column":null}},"type":"if","locations":[{"start":{"line":1,"column":0},"end":{"line":1,"column":null}}]},"1":{"loc":{"start":{"line":1,"column":0},"end":{"line":1,"column":null}},"type":"binary-expr","locations":[{"start":{"line":1,"column":0},"end":{"line":1,"column":null}},{"start":{"line":1,"column":0},"end":{"line":1,"column":null}},{"start":{"line":1,"column":0},"end":{"line":1,"column":null}}]},"2":{"loc":{"start":{"line":1,"column":0},"end":{"line":1,"column":null}},"type":"binary-expr","locations":[{"start":{"line":1,"column":0},"end":{"line":1,"column":null}},{"start":{"line":1,"column":0},"end":{"line":1,"column":null}}]},"3":{"loc":{"start":{"line":22,"column":4},"end":{"line":24,"column":null}},"type":"if","locations":[{"start":{"line":22,"column":4},"end":{"line":24,"column":null}}]},"4":{"loc":{"start":{"line":22,"column":8},"end":{"line":22,"column":58}},"type":"binary-expr","locations":[{"start":{"line":22,"column":8},"end":{"line":22,"column":23}},{"start":{"line":22,"column":23},"end":{"line":22,"column":58}}]},"5":{"loc":{"start":{"line":31,"column":4},"end":{"line":33,"column":null}},"type":"if","locations":[{"start":{"line":31,"column":4},"end":{"line":33,"column":null}}]},"6":{"loc":{"start":{"line":40,"column":4},"end":{"line":44,"column":null}},"type":"if","locations":[{"start":{"line":40,"column":4},"end":{"line":44,"column":null}},{"start":{"line":42,"column":11},"end":{"line":44,"column":null}}]},"7":{"loc":{"start":{"line":53,"column":4},"end":{"line":55,"column":null}},"type":"if","locations":[{"start":{"line":53,"column":4},"end":{"line":55,"column":null}}]},"8":{"loc":{"start":{"line":57,"column":4},"end":{"line":64,"column":null}},"type":"if","locations":[{"start":{"line":57,"column":4},"end":{"line":64,"column":null}}]},"9":{"loc":{"start":{"line":81,"column":4},"end":{"line":89,"column":null}},"type":"if","locations":[{"start":{"line":81,"column":4},"end":{"line":89,"column":null}}]},"10":{"loc":{"start":{"line":81,"column":8},"end":{"line":81,"column":56}},"type":"binary-expr","locations":[{"start":{"line":81,"column":8},"end":{"line":81,"column":22}},{"start":{"line":81,"column":22},"end":{"line":81,"column":56}}]},"11":{"loc":{"start":{"line":85,"column":6},"end":{"line":88,"column":null}},"type":"if","locations":[{"start":{"line":85,"column":6},"end":{"line":88,"column":null}}]},"12":{"loc":{"start":{"line":73,"column":28},"end":{"line":73,"column":null}},"type":"binary-expr","locations":[{"start":{"line":73,"column":28},"end":{"line":73,"column":null}},{"start":{"line":73,"column":28},"end":{"line":73,"column":null}}]}},"s":{"0":84,"1":1,"2":1,"3":1,"4":111,"5":111,"6":111,"7":2,"8":109,"9":109,"10":109,"11":109,"12":0,"13":109,"14":109,"15":109,"16":2,"17":2,"18":0,"19":1,"20":8,"21":15,"22":0,"23":15,"24":6,"25":9,"26":2,"27":0,"28":0,"29":0,"30":0,"31":0,"32":0,"33":0,"34":0,"35":0,"36":0},"f":{"0":62,"1":111,"2":8,"3":15,"4":0},"b":{"0":[4],"1":[1,1,0],"2":[6,6],"3":[2],"4":[111,109],"5":[0],"6":[2,0],"7":[0],"8":[6],"9":[0],"10":[0,0],"11":[0],"12":[1,0]}}
,"/home/oumate/Documents/UY1/UY1-2025-2026/S2/INF352/bank-transaction-system/src/middleware/error.ts": {"path":"/home/oumate/Documents/UY1/UY1-2025-2026/S2/INF352/bank-transaction-system/src/middleware/error.ts","statementMap":{"0":{"start":{"line":1,"column":0},"end":{"line":1,"column":null}},"1":{"start":{"line":8,"column":4},"end":{"line":8,"column":null}},"2":{"start":{"line":5,"column":11},"end":{"line":5,"column":null}},"3":{"start":{"line":6,"column":11},"end":{"line":6,"column":32}},"4":{"start":{"line":9,"column":4},"end":{"line":9,"column":null}},"5":{"start":{"line":3,"column":29},"end":{"line":3,"column":null}},"6":{"start":{"line":13,"column":28},"end":{"line":13,"column":null}},"7":{"start":{"line":19,"column":21},"end":{"line":19,"column":null}},"8":{"start":{"line":20,"column":18},"end":{"line":20,"column":null}},"9":{"start":{"line":22,"column":2},"end":{"line":27,"column":null}},"10":{"start":{"line":29,"column":2},"end":{"line":33,"column":null}},"11":{"start":{"line":36,"column":24},"end":{"line":36,"column":25}},"12":{"start":{"line":37,"column":2},"end":{"line":40,"column":null}}},"fnMap":{"0":{"name":"(anonymous_1)","decl":{"start":{"line":1,"column":0},"end":{"line":1,"column":null}},"loc":{"start":{"line":1,"column":0},"end":{"line":1,"column":null}}},"1":{"name":"(anonymous_9)","decl":{"start":{"line":4,"column":2},"end":{"line":4,"column":null}},"loc":{"start":{"line":7,"column":4},"end":{"line":10,"column":null}}},"2":{"name":"(anonymous_10)","decl":{"start":{"line":13,"column":28},"end":{"line":13,"column":null}},"loc":{"start":{"line":18,"column":5},"end":{"line":34,"column":null}}},"3":{"name":"(anonymous_11)","decl":{"start":{"line":36,"column":24},"end":{"line":36,"column":25}},"loc":{"start":{"line":36,"column":57},"end":{"line":41,"column":null}}}},"branchMap":{"0":{"loc":{"start":{"line":1,"column":0},"end":{"line":1,"column":null}},"type":"if","locations":[{"start":{"line":1,"column":0},"end":{"line":1,"column":null}}]},"1":{"loc":{"start":{"line":1,"column":0},"end":{"line":1,"column":null}},"type":"binary-expr","locations":[{"start":{"line":1,"column":0},"end":{"line":1,"column":null}},{"start":{"line":1,"column":0},"end":{"line":1,"column":null}},{"start":{"line":1,"column":0},"end":{"line":1,"column":null}}]},"2":{"loc":{"start":{"line":1,"column":0},"end":{"line":1,"column":null}},"type":"binary-expr","locations":[{"start":{"line":1,"column":0},"end":{"line":1,"column":null}},{"start":{"line":1,"column":0},"end":{"line":1,"column":null}}]},"3":{"loc":{"start":{"line":6,"column":11},"end":{"line":6,"column":null}},"type":"default-arg","locations":[{"start":{"line":6,"column":32},"end":{"line":6,"column":null}}]},"4":{"loc":{"start":{"line":19,"column":21},"end":{"line":19,"column":null}},"type":"binary-expr","locations":[{"start":{"line":19,"column":21},"end":{"line":19,"column":39}},{"start":{"line":19,"column":39},"end":{"line":19,"column":null}}]},"5":{"loc":{"start":{"line":20,"column":18},"end":{"line":20,"column":null}},"type":"binary-expr","locations":[{"start":{"line":20,"column":18},"end":{"line":20,"column":33}},{"start":{"line":20,"column":33},"end":{"line":20,"column":null}}]},"6":{"loc":{"start":{"line":32,"column":8},"end":{"line":32,"column":null}},"type":"binary-expr","locations":[{"start":{"line":32,"column":8},"end":{"line":32,"column":50}},{"start":{"line":32,"column":50},"end":{"line":32,"column":null}}]},"7":{"loc":{"start":{"line":36,"column":24},"end":{"line":36,"column":25}},"type":"binary-expr","locations":[{"start":{"line":36,"column":24},"end":{"line":36,"column":25}},{"start":{"line":36,"column":24},"end":{"line":36,"column":25}}]}},"s":{"0":122,"1":37,"2":37,"3":37,"4":37,"5":1,"6":1,"7":35,"8":35,"9":35,"10":35,"11":2,"12":0},"f":{"0":100,"1":37,"2":35,"3":0},"b":{"0":[4],"1":[1,1,0],"2":[6,6],"3":[0],"4":[35,1],"5":[35,0],"6":[35,35],"7":[1,0]}}
,"/home/oumate/Documents/UY1/UY1-2025-2026/S2/INF352/bank-transaction-system/src/middleware/validate.ts": {"path":"/home/oumate/Documents/UY1/UY1-2025-2026/S2/INF352/bank-transaction-system/src/middleware/validate.ts","statementMap":{"0":{"start":{"line":1,"column":0},"end":{"line":1,"column":null}},"1":{"start":{"line":3,"column":25},"end":{"line":3,"column":null}},"2":{"start":{"line":5,"column":24},"end":{"line":5,"column":25}},"3":{"start":{"line":6,"column":2},"end":{"line":15,"column":null}},"4":{"start":{"line":7,"column":4},"end":{"line":14,"column":null}},"5":{"start":{"line":8,"column":24},"end":{"line":8,"column":null}},"6":{"start":{"line":9,"column":6},"end":{"line":9,"column":null}},"7":{"start":{"line":10,"column":6},"end":{"line":10,"column":null}},"8":{"start":{"line":12,"column":22},"end":{"line":12,"column":null}},"9":{"start":{"line":13,"column":6},"end":{"line":13,"column":null}}},"fnMap":{"0":{"name":"(anonymous_1)","decl":{"start":{"line":1,"column":0},"end":{"line":1,"column":null}},"loc":{"start":{"line":1,"column":0},"end":{"line":1,"column":null}}},"1":{"name":"(anonymous_7)","decl":{"start":{"line":5,"column":25},"end":{"line":5,"column":47}},"loc":{"start":{"line":5,"column":47},"end":{"line":16,"column":null}}},"2":{"name":"(anonymous_8)","decl":{"start":{"line":6,"column":9},"end":{"line":6,"column":10}},"loc":{"start":{"line":6,"column":62},"end":{"line":15,"column":null}}}},"branchMap":{"0":{"loc":{"start":{"line":1,"column":0},"end":{"line":1,"column":null}},"type":"if","locations":[{"start":{"line":1,"column":0},"end":{"line":1,"column":null}}]},"1":{"loc":{"start":{"line":1,"column":0},"end":{"line":1,"column":null}},"type":"binary-expr","locations":[{"start":{"line":1,"column":0},"end":{"line":1,"column":null}},{"start":{"line":1,"column":0},"end":{"line":1,"column":null}},{"start":{"line":1,"column":0},"end":{"line":1,"column":null}}]},"2":{"loc":{"start":{"line":1,"column":0},"end":{"line":1,"column":null}},"type":"binary-expr","locations":[{"start":{"line":1,"column":0},"end":{"line":1,"column":null}},{"start":{"line":1,"column":0},"end":{"line":1,"column":null}}]},"3":{"loc":{"start":{"line":12,"column":22},"end":{"line":12,"column":null}},"type":"binary-expr","locations":[{"start":{"line":12,"column":22},"end":{"line":12,"column":52}},{"start":{"line":12,"column":52},"end":{"line":12,"column":null}}]},"4":{"loc":{"start":{"line":5,"column":24},"end":{"line":5,"column":25}},"type":"binary-expr","locations":[{"start":{"line":5,"column":24},"end":{"line":5,"column":25}},{"start":{"line":5,"column":24},"end":{"line":5,"column":25}}]}},"s":{"0":38,"1":1,"2":2,"3":9,"4":184,"5":184,"6":179,"7":179,"8":5,"9":5},"f":{"0":22,"1":9,"2":184},"b":{"0":[2],"1":[1,1,0],"2":[2,2],"3":[5,0],"4":[1,0]}}
,"/home/oumate/Documents/UY1/UY1-2025-2026/S2/INF352/bank-transaction-system/src/routes/account.routes.ts": {"path":"/home/oumate/Documents/UY1/UY1-2025-2026/S2/INF352/bank-transaction-system/src/routes/account.routes.ts","statementMap":{"0":{"start":{"line":1,"column":0},"end":{"line":1,"column":23}},"1":{"start":{"line":1,"column":23},"end":{"line":1,"column":null}},"2":{"start":{"line":2,"column":34},"end":{"line":2,"column":null}},"3":{"start":{"line":3,"column":25},"end":{"line":3,"column":null}},"4":{"start":{"line":4,"column":40},"end":{"line":4,"column":null}},"5":{"start":{"line":8,"column":7},"end":{"line":8,"column":null}},"6":{"start":{"line":10,"column":6},"end":{"line":10,"column":null}},"7":{"start":{"line":41,"column":0},"end":{"line":46,"column":null}},"8":{"start":{"line":82,"column":0},"end":{"line":82,"column":null}},"9":{"start":{"line":110,"column":0},"end":{"line":110,"column":null}},"10":{"start":{"line":160,"column":0},"end":{"line":165,"column":null}},"11":{"start":{"line":207,"column":0},"end":{"line":212,"column":null}},"12":{"start":{"line":242,"column":0},"end":{"line":242,"column":null}},"13":{"start":{"line":244,"column":15},"end":{"line":244,"column":null}}},"fnMap":{"0":{"name":"(anonymous_1)","decl":{"start":{"line":1,"column":0},"end":{"line":1,"column":23}},"loc":{"start":{"line":1,"column":0},"end":{"line":1,"column":23}}}},"branchMap":{"0":{"loc":{"start":{"line":1,"column":0},"end":{"line":1,"column":23}},"type":"if","locations":[{"start":{"line":1,"column":0},"end":{"line":1,"column":23}}]},"1":{"loc":{"start":{"line":1,"column":0},"end":{"line":1,"column":23}},"type":"binary-expr","locations":[{"start":{"line":1,"column":0},"end":{"line":1,"column":23}},{"start":{"line":1,"column":0},"end":{"line":1,"column":23}},{"start":{"line":1,"column":0},"end":{"line":1,"column":23}}]},"2":{"loc":{"start":{"line":1,"column":0},"end":{"line":1,"column":23}},"type":"binary-expr","locations":[{"start":{"line":1,"column":0},"end":{"line":1,"column":23}},{"start":{"line":1,"column":0},"end":{"line":1,"column":23}}]}},"s":{"0":26,"1":1,"2":1,"3":1,"4":1,"5":1,"6":1,"7":1,"8":1,"9":1,"10":1,"11":1,"12":1,"13":1},"f":{"0":11},"b":{"0":[2],"1":[1,1,0],"2":[2,2]}}
,"/home/oumate/Documents/UY1/UY1-2025-2026/S2/INF352/bank-transaction-system/src/routes/auth.routes.ts": {"path":"/home/oumate/Documents/UY1/UY1-2025-2026/S2/INF352/bank-transaction-system/src/routes/auth.routes.ts","statementMap":{"0":{"start":{"line":1,"column":0},"end":{"line":1,"column":23}},"1":{"start":{"line":1,"column":23},"end":{"line":1,"column":null}},"2":{"start":{"line":2,"column":31},"end":{"line":2,"column":null}},"3":{"start":{"line":3,"column":25},"end":{"line":3,"column":null}},"4":{"start":{"line":9,"column":7},"end":{"line":9,"column":null}},"5":{"start":{"line":11,"column":6},"end":{"line":11,"column":null}},"6":{"start":{"line":61,"column":0},"end":{"line":61,"column":null}},"7":{"start":{"line":95,"column":0},"end":{"line":95,"column":null}},"8":{"start":{"line":122,"column":0},"end":{"line":122,"column":null}},"9":{"start":{"line":149,"column":0},"end":{"line":149,"column":null}},"10":{"start":{"line":151,"column":15},"end":{"line":151,"column":null}}},"fnMap":{"0":{"name":"(anonymous_1)","decl":{"start":{"line":1,"column":0},"end":{"line":1,"column":23}},"loc":{"start":{"line":1,"column":0},"end":{"line":1,"column":23}}}},"branchMap":{"0":{"loc":{"start":{"line":1,"column":0},"end":{"line":1,"column":23}},"type":"if","locations":[{"start":{"line":1,"column":0},"end":{"line":1,"column":23}}]},"1":{"loc":{"start":{"line":1,"column":0},"end":{"line":1,"column":23}},"type":"binary-expr","locations":[{"start":{"line":1,"column":0},"end":{"line":1,"column":23}},{"start":{"line":1,"column":0},"end":{"line":1,"column":23}},{"start":{"line":1,"column":0},"end":{"line":1,"column":23}}]},"2":{"loc":{"start":{"line":1,"column":0},"end":{"line":1,"column":23}},"type":"binary-expr","locations":[{"start":{"line":1,"column":0},"end":{"line":1,"column":23}},{"start":{"line":1,"column":0},"end":{"line":1,"column":23}}]}},"s":{"0":26,"1":1,"2":1,"3":1,"4":1,"5":1,"6":1,"7":1,"8":1,"9":1,"10":1},"f":{"0":11},"b":{"0":[2],"1":[1,1,0],"2":[2,2]}}
,"/home/oumate/Documents/UY1/UY1-2025-2026/S2/INF352/bank-transaction-system/src/routes/transaction.routes.ts": {"path":"/home/oumate/Documents/UY1/UY1-2025-2026/S2/INF352/bank-transaction-system/src/routes/transaction.routes.ts","statementMap":{"0":{"start":{"line":1,"column":0},"end":{"line":1,"column":23}},"1":{"start":{"line":1,"column":23},"end":{"line":1,"column":null}},"2":{"start":{"line":2,"column":38},"end":{"line":2,"column":null}},"3":{"start":{"line":3,"column":25},"end":{"line":3,"column":null}},"4":{"start":{"line":4,"column":40},"end":{"line":4,"column":null}},"5":{"start":{"line":9,"column":7},"end":{"line":9,"column":null}},"6":{"start":{"line":11,"column":6},"end":{"line":11,"column":null}},"7":{"start":{"line":42,"column":0},"end":{"line":47,"column":null}},"8":{"start":{"line":81,"column":0},"end":{"line":85,"column":null}},"9":{"start":{"line":113,"column":0},"end":{"line":117,"column":null}},"10":{"start":{"line":161,"column":0},"end":{"line":166,"column":null}},"11":{"start":{"line":210,"column":0},"end":{"line":215,"column":null}},"12":{"start":{"line":260,"column":0},"end":{"line":265,"column":null}},"13":{"start":{"line":267,"column":15},"end":{"line":267,"column":null}}},"fnMap":{"0":{"name":"(anonymous_1)","decl":{"start":{"line":1,"column":0},"end":{"line":1,"column":23}},"loc":{"start":{"line":1,"column":0},"end":{"line":1,"column":23}}}},"branchMap":{"0":{"loc":{"start":{"line":1,"column":0},"end":{"line":1,"column":23}},"type":"if","locations":[{"start":{"line":1,"column":0},"end":{"line":1,"column":23}}]},"1":{"loc":{"start":{"line":1,"column":0},"end":{"line":1,"column":23}},"type":"binary-expr","locations":[{"start":{"line":1,"column":0},"end":{"line":1,"column":23}},{"start":{"line":1,"column":0},"end":{"line":1,"column":23}},{"start":{"line":1,"column":0},"end":{"line":1,"column":23}}]},"2":{"loc":{"start":{"line":1,"column":0},"end":{"line":1,"column":23}},"type":"binary-expr","locations":[{"start":{"line":1,"column":0},"end":{"line":1,"column":23}},{"start":{"line":1,"column":0},"end":{"line":1,"column":23}}]}},"s":{"0":26,"1":1,"2":1,"3":1,"4":1,"5":1,"6":1,"7":1,"8":1,"9":1,"10":1,"11":1,"12":1,"13":1},"f":{"0":11},"b":{"0":[2],"1":[1,1,0],"2":[2,2]}}
,"/home/oumate/Documents/UY1/UY1-2025-2026/S2/INF352/bank-transaction-system/src/routes/user.routes.ts": {"path":"/home/oumate/Documents/UY1/UY1-2025-2026/S2/INF352/bank-transaction-system/src/routes/user.routes.ts","statementMap":{"0":{"start":{"line":1,"column":0},"end":{"line":1,"column":53}},"1":{"start":{"line":1,"column":53},"end":{"line":1,"column":null}},"2":{"start":{"line":2,"column":31},"end":{"line":2,"column":null}},"3":{"start":{"line":3,"column":25},"end":{"line":3,"column":null}},"4":{"start":{"line":4,"column":40},"end":{"line":4,"column":null}},"5":{"start":{"line":5,"column":33},"end":{"line":5,"column":null}},"6":{"start":{"line":7,"column":6},"end":{"line":7,"column":null}},"7":{"start":{"line":38,"column":0},"end":{"line":43,"column":null}},"8":{"start":{"line":71,"column":0},"end":{"line":71,"column":null}},"9":{"start":{"line":120,"column":0},"end":{"line":126,"column":null}},"10":{"start":{"line":169,"column":0},"end":{"line":169,"column":null}},"11":{"start":{"line":197,"column":0},"end":{"line":202,"column":null}},"12":{"start":{"line":230,"column":0},"end":{"line":235,"column":null}},"13":{"start":{"line":263,"column":0},"end":{"line":268,"column":null}},"14":{"start":{"line":310,"column":0},"end":{"line":315,"column":null}},"15":{"start":{"line":317,"column":15},"end":{"line":317,"column":null}}},"fnMap":{"0":{"name":"(anonymous_1)","decl":{"start":{"line":1,"column":0},"end":{"line":1,"column":53}},"loc":{"start":{"line":1,"column":0},"end":{"line":1,"column":53}}}},"branchMap":{"0":{"loc":{"start":{"line":1,"column":0},"end":{"line":1,"column":53}},"type":"if","locations":[{"start":{"line":1,"column":0},"end":{"line":1,"column":53}}]},"1":{"loc":{"start":{"line":1,"column":0},"end":{"line":1,"column":53}},"type":"binary-expr","locations":[{"start":{"line":1,"column":0},"end":{"line":1,"column":53}},{"start":{"line":1,"column":0},"end":{"line":1,"column":53}},{"start":{"line":1,"column":0},"end":{"line":1,"column":53}}]},"2":{"loc":{"start":{"line":1,"column":0},"end":{"line":1,"column":53}},"type":"binary-expr","locations":[{"start":{"line":1,"column":0},"end":{"line":1,"column":53}},{"start":{"line":1,"column":0},"end":{"line":1,"column":53}}]}},"s":{"0":26,"1":1,"2":1,"3":1,"4":1,"5":1,"6":1,"7":1,"8":1,"9":1,"10":1,"11":1,"12":1,"13":1,"14":1,"15":1},"f":{"0":11},"b":{"0":[2],"1":[1,1,0],"2":[2,2]}}
,"/home/oumate/Documents/UY1/UY1-2025-2026/S2/INF352/bank-transaction-system/src/services/account.service.ts": {"path":"/home/oumate/Documents/UY1/UY1-2025-2026/S2/INF352/bank-transaction-system/src/services/account.service.ts","statementMap":{"0":{"start":{"line":1,"column":0},"end":{"line":1,"column":19}},"1":{"start":{"line":1,"column":19},"end":{"line":1,"column":null}},"2":{"start":{"line":2,"column":38},"end":{"line":2,"column":null}},"3":{"start":{"line":5,"column":30},"end":{"line":239,"column":null}},"4":{"start":{"line":7,"column":10},"end":{"line":7,"column":null}},"5":{"start":{"line":9,"column":30},"end":{"line":35,"column":null}},"6":{"start":{"line":37,"column":4},"end":{"line":43,"column":null}},"7":{"start":{"line":47,"column":10},"end":{"line":47,"column":null}},"8":{"start":{"line":49,"column":30},"end":{"line":68,"column":null}},"9":{"start":{"line":70,"column":4},"end":{"line":76,"column":null}},"10":{"start":{"line":80,"column":20},"end":{"line":93,"column":null}},"11":{"start":{"line":95,"column":4},"end":{"line":97,"column":null}},"12":{"start":{"line":96,"column":6},"end":{"line":96,"column":null}},"13":{"start":{"line":99,"column":4},"end":{"line":99,"column":null}},"14":{"start":{"line":104,"column":17},"end":{"line":106,"column":null}},"15":{"start":{"line":108,"column":4},"end":{"line":110,"column":null}},"16":{"start":{"line":109,"column":6},"end":{"line":109,"column":null}},"17":{"start":{"line":113,"column":34},"end":{"line":118,"column":null}},"18":{"start":{"line":120,"column":4},"end":{"line":122,"column":null}},"19":{"start":{"line":121,"column":6},"end":{"line":121,"column":null}},"20":{"start":{"line":125,"column":8},"end":{"line":125,"column":null}},"21":{"start":{"line":126,"column":19},"end":{"line":126,"column":null}},"22":{"start":{"line":128,"column":4},"end":{"line":137,"column":null}},"23":{"start":{"line":129,"column":23},"end":{"line":131,"column":null}},"24":{"start":{"line":132,"column":6},"end":{"line":136,"column":null}},"25":{"start":{"line":133,"column":8},"end":{"line":133,"column":null}},"26":{"start":{"line":135,"column":8},"end":{"line":135,"column":null}},"27":{"start":{"line":140,"column":20},"end":{"line":160,"column":null}},"28":{"start":{"line":162,"column":4},"end":{"line":162,"column":null}},"29":{"start":{"line":167,"column":20},"end":{"line":169,"column":null}},"30":{"start":{"line":171,"column":4},"end":{"line":173,"column":null}},"31":{"start":{
[...]
1,"column":null}}}},"branchMap":{"0":{"loc":{"start":{"line":1,"column":0},"end":{"line":1,"column":19}},"type":"if","locations":[{"start":{"line":1,"column":0},"end":{"line":1,"column":19}}]},"1":{"loc":{"start":{"line":1,"column":0},"end":{"line":1,"column":19}},"type":"binary-expr","locations":[{"start":{"line":1,"column":0},"end":{"line":1,"column":19}},{"start":{"line":1,"column":0},"end":{"line":1,"column":19}},{"start":{"line":1,"column":0},"end":{"line":1,"column":19}}]},"2":{"loc":{"start":{"line":1,"column":0},"end":{"line":1,"column":19}},"type":"binary-expr","locations":[{"start":{"line":1,"column":0},"end":{"line":1,"column":19}},{"start":{"line":1,"column":0},"end":{"line":1,"column":19}}]},"3":{"loc":{"start":{"line":6,"column":20},"end":{"line":6,"column":30}},"type":"default-arg","locations":[{"start":{"line":6,"column":27},"end":{"line":6,"column":30}}]},"4":{"loc":{"start":{"line":6,"column":30},"end":{"line":6,"column":42}},"type":"default-arg","locations":[{"start":{"line":6,"column":38},"end":{"line":6,"column":42}}]},"5":{"loc":{"start":{"line":64,"column":4},"end":{"line":66,"column":null}},"type":"if","locations":[{"start":{"line":64,"column":4},"end":{"line":66,"column":null}}]},"6":{"loc":{"start":{"line":76,"column":4},"end":{"line":78,"column":null}},"type":"if","locations":[{"start":{"line":76,"column":4},"end":{"line":78,"column":null}}]},"7":{"loc":{"start":{"line":84,"column":4},"end":{"line":86,"column":null}},"type":"if","locations":[{"start":{"line":84,"column":4},"end":{"line":86,"column":null}}]},"8":{"loc":{"start":{"line":89,"column":40},"end":{"line":89,"column":77}},"type":"binary-expr","locations":[{"start":{"line":89,"column":40},"end":{"line":89,"column":57}},{"start":{"line":89,"column":57},"end":{"line":89,"column":77}}]},"9":{"loc":{"start":{"line":99,"column":14},"end":{"line":99,"column":null}},"type":"binary-expr","locations":[{"start":{"line":99,"column":14},"end":{"line":99,"column":27}},{"start":{"line":99,"column":27},"end":{"line":99,"column":null}}]},"10":{"loc":{"start":{"line":120,"column":4},"end":{"line":122,"column":null}},"type":"if","locations":[{"start":{"line":120,"column":4},"end":{"line":122,"column":null}}]},"11":{"loc":{"start":{"line":125,"column":4},"end":{"line":132,"column":null}},"type":"if","locations":[{"start":{"line":125,"column":4},"end":{"line":132,"column":null}}]},"12":{"loc":{"start":{"line":125,"column":8},"end":{"line":125,"column":49}},"type":"binary-expr","locations":[{"start":{"line":125,"column":8},"end":{"line":125,"column":22}},{"start":{"line":125,"column":22},"end":{"line":125,"column":49}}]},"13":{"loc":{"start":{"line":129,"column":6},"end":{"line":131,"column":null}},"type":"if","locations":[{"start":{"line":129,"column":6},"end":{"line":131,"column":null}}]},"14":{"loc":{"start":{"line":135,"column":4},"end":{"line":142,"column":null}},"type":"if","locations":[{"start":{"line":135,"column":4},"end":{"line":142,"column":null}}]},"15":{"loc":{"start":{"line":135,"column":8},"end":{"line":135,"column":49}},"type":"binary-expr","locations":[{"start":{"line":135,"column":8},"end":{"line":135,"column":22}},{"start":{"line":135,"column":22},"end":{"line":135,"column":49}}]},"16":{"loc":{"start":{"line":139,"column":6},"end":{"line":141,"column":null}},"type":"if","locations":[{"start":{"line":139,"column":6},"end":{"line":141,"column":null}}]},"17":{"loc":{"start":{"line":148,"column":19},"end":{"line":148,"column":null}},"type":"binary-expr","locations":[{"start":{"line":148,"column":19},"end":{"line":148,"column":37}},{"start":{"line":148,"column":37},"end":{"line":148,"column":null}}]},"18":{"loc":{"start":{"line":149,"column":18},"end":{"line":149,"column":null}},"type":"binary-expr","locations":[{"start":{"line":149,"column":18},"end":{"line":149,"column":35}},{"start":{"line":149,"column":35},"end":{"line":149,"column":null}}]},"19":{"loc":{"start":{"line":150,"column":15},"end":{"line":150,"column":null}},"type":"binary-expr","locations":[{"start":{"line":150,"column":15},"end":{"line":150,"column":29}},{"start":{"line":150,"column":29},"end":{"line":150,"column":null}}]},"20":{"loc":{"start":{"line":151,"column":15},"end":{"line":151,"column":null}},"type":"binary-expr","locations":[{"start":{"line":151,"column":15},"end":{"line":151,"column":29}},{"start":{"line":151,"column":29},"end":{"line":151,"column":null}}]},"21":{"loc":{"start":{"line":152,"column":14},"end":{"line":152,"column":null}},"type":"binary-expr","locations":[{"start":{"line":152,"column":14},"end":{"line":152,"column":27}},{"start":{"line":152,"column":27},"end":{"line":152,"column":null}}]},"22":{"loc":{"start":{"line":173,"column":4},"end":{"line":175,"column":null}},"type":"if","locations":[{"start":{"line":173,"column":4},"end":{"line":175,"column":null}}]},"23":{"loc":{"start":{"line":202,"column":4},"end":{"line":204,"column":null}},"type":"if","locations":[{"start":{"line":202,"column":4},"end":{"line":204,"column":null}}]},"24":{"loc":{"start":{"line":223,"column":4},"end":{"line":225,"column":null}},"type":"if","locations":[{"start":{"line":223,"column":4},"end":{"line":225,"column":null}}]},"25":{"loc":{"start":{"line":244,"column":4},"end":{"line":246,"column":null}},"type":"if","locations":[{"start":{"line":244,"column":4},"end":{"line":246,"column":null}}]},"26":{"loc":{"start":{"line":262,"column":0},"end":{"line":262,"column":null}},"type":"binary-expr","locations":[{"start":{"line":262,"column":0},"end":{"line":262,"column":null}},{"start":{"line":262,"column":0},"end":{"line":262,"column":null}}]}},"s":{"0":77,"1":1,"2":1,"3":1,"4":2,"5":2,"6":2,"7":3,"8":3,"9":1,"10":2,"11":0,"12":0,"13":0,"14":0,"15":0,"16":0,"17":0,"18":0,"19":0,"20":2,"21":2,"22":0,"23":2,"24":0,"25":0,"26":0,"27":2,"28":0,"29":0,"30":0,"31":2,"32":2,"33":2,"34":2,"35":1,"36":1,"37":1,"38":0,"39":1,"40":1,"41":0,"42":1,"43":2,"44":2,"45":0,"46":2,"47":1,"48":1,"49":0,"50":1,"51":1},"f":{"0":53,"1":2,"2":3,"3":0,"4":2,"5":2,"6":0,"7":1,"8":2,"9":1},"b":{"0":[5],"1":[3,3,1],"2":[7,7],"3":[0],"4":[0],"5":[1],"6":[0],"7":[0],"8":[0,0],"9":[0,0],"10":[0],"11":[0],"12":[2,0],"13":[0],"14":[0],"15":[2,0],"16":[0],"17":[2,0],"18":[2,1],"19":[2,2],"20":[2,2],"21":[2,2],"22":[1],"23":[0],"24":[0],"25":[0],"26":[1,0]}}
,"/home/oumate/Documents/UY1/UY1-2025-2026/S2/INF352/bank-transaction-system/src/utils/helpers.ts": {"path":"/home/oumate/Documents/UY1/UY1-2025-2026/S2/INF352/bank-transaction-system/src/utils/helpers.ts","statementMap":{"0":{"start":{"line":1,"column":0},"end":{"line":1,"column":null}},"1":{"start":{"line":15,"column":29},"end":{"line":15,"column":30}},"2":{"start":{"line":16,"column":8},"end":{"line":16,"column":null}},"3":{"start":{"line":17,"column":2},"end":{"line":17,"column":null}},"4":{"start":{"line":27,"column":28},"end":{"line":27,"column":29}},"5":{"start":{"line":28,"column":2},"end":{"line":28,"column":null}},"6":{"start":{"line":28,"column":29},"end":{"line":28,"column":null}},"7":{"start":{"line":38,"column":30},"end":{"line":38,"column":34}},"8":{"start":{"line":39,"column":2},"end":{"line":43,"column":null}},"9":{"start":{"line":51,"column":28},"end":{"line":51,"column":29}},"10":{"start":{"line":53,"column":2},"end":{"line":53,"column":null}},"11":{"start":{"line":62,"column":30},"end":{"line":62,"column":31}},"12":{"start":{"line":64,"column":2},"end":{"line":64,"column":null}},"13":{"start":{"line":74,"column":37},"end":{"line":74,"column":51}},"14":{"start":{"line":75,"column":20},"end":{"line":75,"column":null}},"15":{"start":{"line":76,"column":17},"end":{"line":76,"column":null}},"16":{"start":{"line":77,"column":2},"end":{"line":77,"column":null}}},"fnMap":{"0":{"name":"(anonymous_1)","decl":{"start":{"line":1,"column":0},"end":{"line":1,"column":null}},"loc":{"start":{"line":1,"column":0},"end":{"line":1,"column":null}}},"1":{"name":"(anonymous_12)","decl":{"start":{"line":15,"column":29},"end":{"line":15,"column":30}},"loc":{"start":{"line":15,"column":71},"end":{"line":18,"column":null}}},"2":{"name":"(anonymous_13)","decl":{"start":{"line":27,"column":29},"end":{"line":27,"column":46}},"loc":{"start":{"line":27,"column":46},"end":{"line":29,"column":null}}},"3":{"name":"(anonymous_14)","decl":{"start":{"line":28,"column":9},"end":{"line":28,"column":13}},"loc":{"start":{"line":28,"column":29},"end":{"line":28,"column":null}}},"4":{"name":"(anonymous_15)","decl":{"start":{"line":38,"column":30},"end":{"line":38,"column":34}},"loc":{"start":{"line":38,"column":75},"end":{"line":44,"column":null}}},"5":{"name":"(anonymous_16)","decl":{"start":{"line":51,"column":29},"end":{"line":51,"column":58}},"loc":{"start":{"line":51,"column":58},"end":{"line":54,"column":null}}},"6":{"name":"(anonymous_17)","decl":{"start":{"line":62,"column":30},"end":{"line":62,"column":31}},"loc":{"start":{"line":62,"column":75},"end":{"line":65,"column":null}}},"7":{"name":"(anonymous_18)","decl":{"start":{"line":74,"column":37},"end":{"line":74,"column":51}},"loc":{"start":{"line":74,"column":51},"end":{"line":78,"column":null}}}},"branchMap":{"0":{"loc":{"start":{"line":1,"column":0},"end":{"line":1,"column":null}},"type":"if","locations":[{"start":{"line":1,"column":0},"end":{"line":1,"column":null}}]},"1":{"loc":{"start":{"line":1,"column":0},"end":{"line":1,"column":null}},"type":"binary-expr","locations":[{"start":{"line":1,"column":0},"end":{"line":1,"column":null}},{"start":{"line":1,"column":0},"end":{"line":1,"column":null}},{"start":{"line":1,"column":0},"end":{"line":1,"column":null}}]},"2":{"loc":{"start":{"line":1,"column":0},"end":{"line":1,"column":null}},"type":"binary-expr","locations":[{"start":{"line":1,"column":0},"end":{"line":1,"column":null}},{"start":{"line":1,"column":0},"end":{"line":1,"column":null}}]},"3":{"loc":{"start":{"line":15,"column":30},"end":{"line":15,"column":48}},"type":"default-arg","locations":[{"start":{"line":15,"column":45},"end":{"line":15,"column":48}}]},"4":{"loc":{"start":{"line":15,"column":48},"end":{"line":15,"column":71}},"type":"default-arg","locations":[{"start":{"line":15,"column":64},"end":{"line":15,"column":71}}]},"5":{"loc":{"start":{"line":38,"column":43},"end":{"line":38,"column":75}},"type":"default-arg","locations":[{"start":{"line":38,"column":61},"end":{"line":38,"column":75}}]},"6":{"loc":{"start":{"line":74,"column":37},"end":{"line":74,"column":51}},"type":"binary-expr","locations":[{"start":{"line":74,"column":37},"end":{"line":74,"column":51}},{"start":{"line":74,"column":37},"end":{"line":74,"column":51}}]}},"s":{"0":346,"1":1,"2":0,"3":0,"4":1,"5":0,"6":0,"7":1,"8":0,"9":1,"10":101,"11":1,"12":5,"13":2,"14":47,"15":47,"16":47},"f":{"0":315,"1":0,"2":0,"3":0,"4":0,"5":101,"6":5,"7":47},"b":{"0":[7],"1":[1,1,0],"2":[12,12],"3":[0],"4":[0],"5":[0],"6":[1,0]}}
,"/home/oumate/Documents/UY1/UY1-2025-2026/S2/INF352/bank-transaction-system/src/utils/jwt.ts": {"path":"/home/oumate/Documents/UY1/UY1-2025-2026/S2/INF352/bank-transaction-system/src/utils/jwt.ts","statementMap":{"0":{"start":{"line":1,"column":0},"end":{"line":1,"column":16}},"1":{"start":{"line":1,"column":16},"end":{"line":1,"column":null}},"2":{"start":{"line":2,"column":23},"end":{"line":2,"column":null}},"3":{"start":{"line":15,"column":35},"end":{"line":15,"column":36}},"4":{"start":{"line":16,"column":2},"end":{"line":19,"column":null}},"5":{"start":{"line":25,"column":36},"end":{"line":25,"column":37}},"6":{"start":{"line":26,"column":2},"end":{"line":29,"column":null}},"7":{"start":{"line":35,"column":27},"end":{"line":35,"column":28}},"8":{"start":{"line":36,"column":2},"end":{"line":41,"column":null}},"9":{"start":{"line":37,"column":20},"end":{"line":37,"column":null}},"10":{"start":{"line":38,"column":4},"end":{"line":38,"column":null}},"11":{"start":{"line":40,"column":4},"end":{"line":40,"column":null}},"12":{"start":{"line":47,"column":27},"end":{"line":47,"column":28}},"13":{"start":{"line":48,"column":2},"end":{"line":53,"column":null}},"14":{"start":{"line":49,"column":20},"end":{"line":49,"column":null}},"15":{"start":{"line":50,"column":4},"end":{"line":50,"column":null}},"16":{"start":{"line":52,"column":4},"end":{"line":52,"column":null}},"17":{"start":{"line":59,"column":30},"end":{"line":59,"column":31}},"18":{"start":{"line":60,"column":2},"end":{"line":63,"column":null}}},"fnMap":{"0":{"name":"(anonymous_1)","decl":{"start":{"line":1,"column":0},"end":{"line":1,"column":16}},"loc":{"start":{"line":1,"column":0},"end":{"line":1,"column":16}}},"1":{"name":"(anonymous_12)","decl":{"start":{"line":15,"column":36},"end":{"line":15,"column":89}},"loc":{"start":{"line":15,"column":89},"end":{"line":20,"column":null}}},"2":{"name":"(anonymous_13)","decl":{"start":{"line":25,"column":37},"end":{"line":25,"column":90}},"loc":{"start":{"line":25,"column":90},"end":{"line":30,"column":null}}},"3":{"name":"(anonymous_14)","decl":{"start":{"line":35,"column":28},"end":{"line":35,"column":65}},"loc":{"start":{"line":35,"column":65},"end":{"line":42,"column":null}}},"4":{"name":"(anonymous_15)","decl":{"start":{"line":47,"column":28},"end":{"line":47,"column":65}},"loc":{"start":{"line":47,"column":65},"end":{"line":54,"column":null}}},"5":{"name":"(anonymous_16)","decl":{"start":{"line":59,"column":31},"end":{"line":59,"column":76}},"loc":{"start":{"line":59,"column":76},"end":{"line":64,"column":null}}}},"branchMap":{"0":{"loc":{"start":{"line":1,"column":0},"end":{"line":1,"column":16}},"type":"if","locations":[{"start":{"line":1,"column":0},"end":{"line":1,"column":16}}]},"1":{"loc":{"start":{"line":1,"column":0},"end":{"line":1,"column":16}},"type":"binary-expr","locations":[{"start":{"line":1,"column":0},"end":{"line":1,"column":16}},{"start":{"line":1,"column":0},"end":{"line":1,"column":16}},{"start":{"line":1,"column":0},"end":{"line":1,"column":16}}]},"2":{"loc":{"start":{"line":1,"column":0},"end":{"line":1,"column":16}},"type":"binary-expr","locations":[{"start":{"line":1,"column":0},"end":{"line":1,"column":16}},{"start":{"line":1,"column":0},"end":{"line":1,"column":16}}]},"3":{"loc":{"start":{"line":59,"column":30},"end":{"line":59,"column":31}},"type":"binary-expr","locations":[{"start":{"line":59,"column":30},"end":{"line":59,"column":31}},{"start":{"line":59,"column":30},"end":{"line":59,"column":31}}]}},"s":{"0":489,"1":1,"2":1,"3":1,"4":106,"5":1,"6":106,"7":1,"8":109,"9":109,"10":109,"11":0,"12":1,"13":2,"14":2,"15":2,"16":0,"17":2,"18":106},"f":{"0":444,"1":106,"2":106,"3":109,"4":2,"5":106},"b":{"0":[13],"1":[3,3,1],"2":[24,22],"3":[1,0]}}
,"/home/oumate/Documents/UY1/UY1-2025-2026/S2/INF352/bank-transaction-system/src/zod-schema/auth-account.schema.ts": {"path":"/home/oumate/Documents/UY1/UY1-2025-2026/S2/INF352/bank-transaction-system/src/zod-schema/auth-account.schema.ts","statementMap":{"0":{"start":{"line":1,"column":0},"end":{"line":1,"column":18}},"1":{"start":{"line":1,"column":18},"end":{"line":1,"column":null}},"2":{"start":{"line":5,"column":30},"end":{"line":15,"column":null}},"3":{"start":{"line":17,"column":27},"end":{"line":20,"column":null}},"4":{"start":{"line":22,"column":34},"end":{"line":24,"column":null}},"5":{"start":{"line":28,"column":35},"end":{"line":38,"column":null}},"6":{"start":{"line":40,"column":35},"end":{"line":44,"column":null}},"7":{"start":{"line":48,"column":29},"end":{"line":52,"column":null}},"8":{"start":{"line":54,"column":30},"end":{"line":58,"column":null}},"9":{"start":{"line":60,"column":30},"end":{"line":65,"column":null}},"10":{"start":{"line":65,"column":1},"end":{"line":65,"column":null}}},"fnMap":{"0":{"name":"(anonymous_1)","decl":{"start":{"line":1,"column":0},"end":{"line":1,"column":18}},"loc":{"start":{"line":1,"column":0},"end":{"line":1,"column":18}}}},"branchMap":{"0":{"loc":{"start":{"line":1,"column":0},"end":{"line":1,"column":18}},"type":"if","locations":[{"start":{"line":1,"column":0},"end":{"line":1,"column":18}}]},"1":{"loc":{"start":{"line":1,"column":0},"end":{"line":1,"column":18}},"type":"binary-expr","locations":[{"start":{"line":1,"column":0},"end":{"line":1,"column":18}},{"start":{"line":1,"column":0},"end":{"line":1,"column":18}},{"start":{"line":1,"column":0},"end":{"line":1,"column":18}}]},"2":{"loc":{"start":{"line":1,"column":0},"end":{"line":1,"column":18}},"type":"binary-expr","locations":[{"start":{"line":1,"column":0},"end":{"line":1,"column":18}},{"start":{"line":1,"column":0},"end":{"line":1,"column":18}}]},"3":{"loc":{"start":{"line":65,"column":1},"end":{"line":65,"column":null}},"type":"binary-expr","locations":[{"start":{"line":65,"column":1},"end":{"line":65,"column":null}},{"start":{"line":65,"column":1},"end":{"line":65,"column":null}}]}},"s":{"0":55,"1":1,"2":1,"3":1,"4":1,"5":1,"6":1,"7":1,"8":1,"9":1,"10":1},"f":{"0":19},"b":{"0":[9],"1":[1,1,0],"2":[16,16],"3":[1,0]}}
,"/home/oumate/Documents/UY1/UY1-2025-2026/S2/INF352/bank-transaction-system/src/zod-schema/index.ts": {"path":"/home/oumate/Documents/UY1/UY1-2025-2026/S2/INF352/bank-transaction-system/src/zod-schema/index.ts","statementMap":{"0":{"start":{"line":1,"column":0},"end":{"line":1,"column":null}},"1":{"start":{"line":2,"column":0},"end":{"line":1,"column":null}}},"fnMap":{"0":{"name":"(anonymous_1)","decl":{"start":{"line":1,"column":0},"end":{"line":1,"column":null}},"loc":{"start":{"line":1,"column":0},"end":{"line":1,"column":null}}}},"branchMap":{"0":{"loc":{"start":{"line":1,"column":0},"end":{"line":1,"column":null}},"type":"if","locations":[{"start":{"line":1,"column":0},"end":{"line":1,"column":null}}]},"1":{"loc":{"start":{"line":1,"column":0},"end":{"line":1,"column":null}},"type":"binary-expr","locations":[{"start":{"line":1,"column":0},"end":{"line":1,"column":null}},{"start":{"line":1,"column":0},"end":{"line":1,"column":null}},{"start":{"line":1,"column":0},"end":{"line":1,"column":null}}]},"2":{"loc":{"start":{"line":1,"column":0},"end":{"line":1,"column":null}},"type":"binary-expr","locations":[{"start":{"line":1,"column":0},"end":{"line":1,"column":null}},{"start":{"line":1,"column":0},"end":{"line":1,"column":null}}]}},"s":{"0":37,"1":1},"f":{"0":6},"b":{"0":[10],"1":[3,3,0],"2":[17,15]}}
,"/home/oumate/Documents/UY1/UY1-2025-2026/S2/INF352/bank-transaction-system/src/zod-schema/user.schema.ts": {"path":"/home/oumate/Documents/UY1/UY1-2025-2026/S2/INF352/bank-transaction-system/src/zod-schema/user.schema.ts","statementMap":{"0":{"start":{"line":1,"column":0},"end":{"line":1,"column":18}},"1":{"start":{"line":1,"column":18},"end":{"line":1,"column":null}},"2":{"start":{"line":3,"column":32},"end":{"line":10,"column":null}},"3":{"start":{"line":12,"column":32},"end":{"line":12,"column":null}},"4":{"start":{"line":14,"column":29},"end":{"line":16,"column":null}},"5":{"start":{"line":16,"column":1},"end":{"line":16,"column":null}}},"fnMap":{"0":{"name":"(anonymous_1)","decl":{"start":{"line":1,"column":0},"end":{"line":1,"column":18}},"loc":{"start":{"line":1,"column":0},"end":{"line":1,"column":18}}}},"branchMap":{"0":{"loc":{"start":{"line":1,"column":0},"end":{"line":1,"column":18}},"type":"if","locations":[{"start":{"line":1,"column":0},"end":{"line":1,"column":18}}]},"1":{"loc":{"start":{"line":1,"column":0},"end":{"line":1,"column":18}},"type":"binary-expr","locations":[{"start":{"line":1,"column":0},"end":{"line":1,"column":18}},{"start":{"line":1,"column":0},"end":{"line":1,"column":18}},{"start":{"line":1,"column":0},"end":{"line":1,"column":18}}]},"2":{"loc":{"start":{"line":1,"column":0},"end":{"line":1,"column":18}},"type":"binary-expr","locations":[{"start":{"line":1,"column":0},"end":{"line":1,"column":18}},{"start":{"line":1,"column":0},"end":{"line":1,"column":18}}]},"3":{"loc":{"start":{"line":16,"column":1},"end":{"line":16,"column":null}},"type":"binary-expr","locations":[{"start":{"line":16,"column":1},"end":{"line":16,"column":null}},{"start":{"line":16,"column":1},"end":{"line":16,"column":null}}]}},"s":{"0":26,"1":1,"2":1,"3":1,"4":1,"5":1},"f":{"0":5},"b":{"0":[4],"1":[1,1,0],"2":[6,6],"3":[1,0]}}
}
