TN:
SF:src/app.ts
FN:1,(anonymous_1)
FN:17,(anonymous_8)
FN:52,(anonymous_9)
FN:64,(anonymous_10)
FN:76,(anonymous_11)
FNF:5
FNH:2
FNDA:46,(anonymous_1)
FNDA:4,(anonymous_8)
FNDA:0,(anonymous_9)
FNDA:0,(anonymous_10)
FNDA:0,(anonymous_11)
DA:1,278
DA:2,1
DA:3,1
DA:4,1
DA:5,1
DA:7,1
DA:8,1
DA:9,1
DA:12,1
DA:13,1
DA:14,1
DA:15,1
DA:17,2
DA:18,4
DA:19,4
DA:27,4
DA:33,4
DA:41,4
DA:42,4
DA:45,4
DA:46,4
DA:48,0
DA:52,4
DA:53,0
DA:64,4
DA:65,0
DA:73,4
DA:76,4
DA:77,0
DA:78,0
DA:82,4
DA:83,4
DA:84,4
DA:85,4
DA:88,4
DA:89,4
DA:91,4
LF:37
LH:32
BRDA:1,0,0,107
BRDA:1,1,0,19
BRDA:1,1,1,19
BRDA:1,1,2,14
BRDA:1,2,0,211
BRDA:1,2,1,198
BRDA:45,3,0,4
BRDA:45,3,1,0
BRDA:17,4,0,1
BRDA:17,4,1,0
BRF:10
BRH:8
end_of_record
TN:
SF:src/config/database.ts
FN:1,(anonymous_1)
FN:11,(anonymous_7)
FNF:2
FNH:2
FNDA:2154,(anonymous_1)
FNDA:1,(anonymous_7)
DA:1,2170
DA:2,1
DA:3,1
DA:4,1
DA:6,1
DA:8,1
DA:9,1
DA:11,1
DA:12,1
DA:22,1
DA:24,1
DA:26,1
LF:12
LH:12
BRDA:1,0,0,2
BRDA:1,1,0,1
BRDA:1,1,1,1
BRDA:1,1,2,0
BRDA:1,2,0,2
BRDA:1,2,1,2
BRDA:14,3,0,1
BRDA:14,3,1,0
BRDA:22,4,0,1
BRDA:22,4,1,1
BRDA:26,5,0,1
BRF:11
BRH:9
end_of_record
TN:
SF:src/config/env.ts
FN:1,(anonymous_1)
FNF:1
FNH:1
FNDA:677,(anonymous_1)
DA:1,711
DA:3,1
DA:5,1
DA:23,1
LF:4
LH:4
BRDA:1,0,0,10
BRDA:1,1,0,3
BRDA:1,1,1,3
BRDA:1,1,2,1
BRDA:1,2,0,18
BRDA:1,2,1,16
BRDA:6,3,0,1
BRDA:6,3,1,0
BRDA:7,4,0,1
BRDA:7,4,1,0
BRDA:8,5,0,1
BRDA:8,5,1,0
BRDA:10,6,0,1
BRDA:10,6,1,0
BRDA:13,7,0,1
BRDA:13,7,1,0
BRDA:18,8,0,1
BRDA:18,8,1,0
BRDA:19,9,0,1
BRDA:19,9,1,0
BRDA:23,10,0,1
BRDA:23,10,1,0
BRF:22
BRH:14
end_of_record
TN:
SF:src/config/swagger.ts
FN:1,(anonymous_1)
FNF:1
FNH:1
FNDA:31,(anonymous_1)
DA:1,70
DA:2,1
DA:3,1
DA:5,1
DA:621,1
DA:622,2
LF:6
LH:6
BRDA:1,0,0,12
BRDA:1,1,0,5
BRDA:1,1,1,5
BRDA:1,1,2,3
BRDA:1,2,0,22
BRDA:1,2,1,18
BRDA:116,3,0,1
BRDA:116,3,1,0
BRDA:122,4,0,0
BRDA:122,4,1,1
BRDA:128,5,0,1
BRDA:128,5,1,0
BRDA:622,6,0,1
BRDA:622,6,1,0
BRF:14
BRH:10
end_of_record
TN:
SF:src/controllers/account.controller.ts
FN:1,(anonymous_1)
FN:7,(anonymous_6)
FN:30,(anonymous_7)
FN:59,(anonymous_8)
FN:84,(anonymous_9)
FN:109,(anonymous_10)
FN:136,(anonymous_11)
FNF:7
FNH:6
FNDA:15,(anonymous_1)
FNDA:0,(anonymous_6)
FNDA:2,(anonymous_7)
FNDA:10,(anonymous_8)
FNDA:48,(anonymous_9)
FNDA:1,(anonymous_10)
FNDA:2,(anonymous_11)
DA:1,30
DA:2,1
DA:3,1
DA:6,1
DA:8,0
DA:9,0
DA:10,0
DA:12,0
DA:14,0
DA:26,0
DA:31,2
DA:32,2
DA:33,2
DA:34,2
DA:37,2
DA:38,0
DA:41,2
DA:43,2
DA:55,0
DA:60,10
DA:61,10
DA:63,10
DA:66,9
DA:67,0
DA:70,9
DA:76,1
DA:77,1
DA:79,0
DA:85,48
DA:86,48
DA:89,48
DA:90,0
DA:93,48
DA:95,47
DA:101,1
DA:102,0
DA:104,1
DA:110,1
DA:111,1
DA:113,1
DA:116,1
DA:117,0
DA:120,1
DA:122,1
DA:128,0
DA:129,0
DA:131,0
DA:137,2
DA:138,2
DA:140,2
DA:143,2
DA:144,0
DA:147,2
DA:149,1
DA:154,1
DA:155,0
DA:156,1
DA:157,1
DA:159,0
DA:163,1
LF:60
LH:41
BRDA:1,0,0,2
BRDA:1,1,0,1
BRDA:1,1,1,1
BRDA:1,1,2,0
BRDA:1,2,0,2
BRDA:1,2,1,2
BRDA:9,3,0,0
BRDA:9,3,1,0
BRDA:10,4,0,0
BRDA:10,4,1,0
BRDA:33,5,0,2
BRDA:33,5,1,1
BRDA:34,6,0,2
BRDA:34,6,1,1
BRDA:37,7,0,0
BRDA:37,8,0,2
BRDA:37,8,1,2
BRDA:66,9,0,0
BRDA:66,10,0,9
BRDA:66,10,1,9
BRDA:76,11,0,1
BRDA:76,11,1,0
BRDA:89,12,0,0
BRDA:89,13,0,48
BRDA:89,13,1,48
BRDA:101,14,0,0
BRDA:101,14,1,1
BRDA:116,15,0,0
BRDA:116,16,0,1
BRDA:116,16,1,1
BRDA:128,17,0,0
BRDA:128,17,1,0
BRDA:143,18,0,0
BRDA:143,19,0,2
BRDA:143,19,1,2
BRDA:154,20,0,0
BRDA:154,20,1,1
BRDA:156,21,0,1
BRDA:156,21,1,0
BRDA:163,22,0,1
BRDA:163,22,1,0
BRF:41
BRH:24
end_of_record
TN:
SF:src/controllers/auth.controller.ts
FN:1,(anonymous_1)
FN:7,(anonymous_6)
FN:29,(anonymous_7)
FN:53,(anonymous_8)
FN:69,(anonymous_9)
FNF:5
FNH:5
FNDA:11,(anonymous_1)
FNDA:103,(anonymous_6)
FNDA:6,(anonymous_7)
FNDA:2,(anonymous_8)
FNDA:2,(anonymous_9)
DA:1,26
DA:2,1
DA:3,1
DA:6,1
DA:8,103
DA:9,103
DA:11,101
DA:21,2
DA:22,2
DA:24,0
DA:30,6
DA:31,6
DA:33,4
DA:43,2
DA:44,2
DA:45,0
DA:46,0
DA:48,0
DA:54,2
DA:55,2
DA:57,2
DA:59,1
DA:65,1
DA:70,2
DA:71,2
DA:73,2
DA:74,1
DA:77,1
DA:79,1
DA:84,1
DA:87,1
LF:31
LH:27
BRDA:1,0,0,2
BRDA:1,1,0,1
BRDA:1,1,1,1
BRDA:1,1,2,0
BRDA:1,2,0,2
BRDA:1,2,1,2
BRDA:21,3,0,2
BRDA:21,3,1,0
BRDA:43,4,0,2
BRDA:43,4,1,0
BRDA:45,5,0,0
BRDA:45,5,1,0
BRDA:73,6,0,1
BRDA:87,7,0,1
BRDA:87,7,1,0
BRF:15
BRH:9
end_of_record
TN:
SF:src/controllers/transaction.controller.ts
FN:1,(anonymous_1)
FN:7,(anonymous_6)
FN:35,(anonymous_7)
FN:59,(anonymous_8)
FN:82,(anonymous_9)
FN:104,(anonymous_10)
FN:133,(anonymous_11)
FNF:7
FNH:5
FNDA:15,(anonymous_1)
FNDA:0,(anonymous_6)
FNDA:2,(anonymous_7)
FNDA:6,(anonymous_8)
FNDA:8,(anonymous_9)
FNDA:5,(anonymous_10)
FNDA:0,(anonymous_11)
DA:1,30
DA:2,1
DA:3,1
DA:6,1
DA:8,0
DA:9,0
DA:10,0
DA:13,0
DA:14,0
DA:17,0
DA:19,0
DA:31,0
DA:36,2
DA:37,2
DA:38,2
DA:39,2
DA:41,2
DA:43,2
DA:55,0
DA:60,6
DA:61,6
DA:63,4
DA:69,2
DA:73,2
DA:74,0
DA:75,0
DA:77,0
DA:83,8
DA:84,8
DA:86,5
DA:92,3
DA:93,1
DA:94,2
DA:95,1
DA:96,1
DA:97,0
DA:99,1
DA:105,5
DA:106,5
DA:108,2
DA:114,3
DA:118,0
DA:119,3
DA:124,2
DA:125,1
DA:126,0
DA:128,1
DA:134,0
DA:135,0
DA:137,0
DA:140,0
DA:145,0
DA:148,0
DA:154,0
DA:155,0
DA:157,0
DA:161,1
LF:57
LH:33
BRDA:1,0,0,2
BRDA:1,1,0,1
BRDA:1,1,1,1
BRDA:1,1,2,0
BRDA:1,2,0,2
BRDA:1,2,1,2
BRDA:9,3,0,0
BRDA:9,3,1,0
BRDA:10,4,0,0
BRDA:10,4,1,0
BRDA:13,5,0,0
BRDA:38,6,0,2
BRDA:38,6,1,1
BRDA:39,7,0,2
BRDA:39,7,1,1
BRDA:69,8,0,2
BRDA:69,8,1,0
BRDA:70,9,0,2
BRDA:70,9,1,1
BRDA:74,10,0,0
BRDA:74,10,1,0
BRDA:92,11,0,1
BRDA:92,11,1,2
BRDA:94,12,0,1
BRDA:94,12,1,1
BRDA:94,13,0,2
BRDA:94,13,1,1
BRDA:96,14,0,0
BRDA:96,14,1,1
BRDA:114,15,0,0
BRDA:114,15,1,3
BRDA:115,16,0,3
BRDA:115,16,1,3
BRDA:119,17,0,2
BRDA:119,17,1,1
BRDA:120,18,0,3
BRDA:120,18,1,2
BRDA:120,18,2,2
BRDA:125,19,0,0
BRDA:125,19,1,1
BRDA:140,20,0,0
BRDA:141,21,0,0
BRDA:141,21,1,0
BRDA:141,21,2,0
BRDA:154,22,0,0
BRDA:154,22,1,0
BRDA:161,23,0,1
BRDA:161,23,1,0
BRF:48
BRH:29
end_of_record
TN:
SF:src/controllers/user.controller.ts
FN:1,(anonymous_1)
FN:7,(anonymous_6)
FN:30,(anonymous_7)
FN:55,(anonymous_8)
FN:73,(anonymous_9)
FN:100,(anonymous_10)
FN:119,(anonymous_11)
FN:139,(anonymous_12)
FN:159,(anonymous_13)
FNF:9
FNH:8
FNDA:19,(anonymous_1)
FNDA:2,(anonymous_6)
FNDA:4,(anonymous_7)
FNDA:0,(anonymous_8)
FNDA:3,(anonymous_9)
FNDA:2,(anonymous_10)
FNDA:1,(anonymous_11)
FNDA:2,(anonymous_12)
FNDA:2,(anonymous_13)
DA:1,34
DA:2,1
DA:3,1
DA:6,1
DA:8,2
DA:9,2
DA:10,2
DA:12,2
DA:14,2
DA:26,0
DA:31,4
DA:32,4
DA:35,4
DA:36,1
DA:39,3
DA:41,2
DA:47,2
DA:48,1
DA:50,1
DA:56,0
DA:57,0
DA:59,0
DA:65,0
DA:66,0
DA:68,0
DA:74,3
DA:75,3
DA:78,3
DA:79,1
DA:82,2
DA:84,2
DA:90,1
DA:91,0
DA:92,1
DA:93,0
DA:95,1
DA:101,2
DA:102,2
DA:104,2
DA:106,1
DA:111,1
DA:112,1
DA:114,0
DA:120,1
DA:121,1
DA:123,1
DA:125,1
DA:131,0
DA:132,0
DA:134,0
DA:140,2
DA:141,2
DA:143,2
DA:145,2
DA:151,0
DA:152,0
DA:154,0
DA:160,2
DA:161,2
DA:162,2
DA:164,2
DA:165,1
DA:168,1
DA:170,1
DA:176,1
DA:177,0
DA:179,1
DA:183,1
LF:68
LH:51
BRDA:1,0,0,2
BRDA:1,1,0,1
BRDA:1,1,1,1
BRDA:1,1,2,0
BRDA:1,2,0,2
BRDA:1,2,1,2
BRDA:9,3,0,2
BRDA:9,3,1,1
BRDA:10,4,0,2
BRDA:10,4,1,1
BRDA:35,5,0,1
BRDA:35,6,0,4
BRDA:35,6,1,2
BRDA:47,7,0,1
BRDA:47,7,1,1
BRDA:65,8,0,0
BRDA:65,8,1,0
BRDA:78,9,0,1
BRDA:78,10,0,3
BRDA:78,10,1,2
BRDA:90,11,0,0
BRDA:90,11,1,1
BRDA:92,12,0,0
BRDA:92,12,1,1
BRDA:111,13,0,1
BRDA:111,13,1,0
BRDA:131,14,0,0
BRDA:131,14,1,0
BRDA:151,15,0,0
BRDA:151,15,1,0
BRDA:164,16,0,1
BRDA:176,17,0,0
BRDA:176,17,1,1
BRDA:183,18,0,1
BRDA:183,18,1,0
BRF:35
BRH:23
end_of_record
TN:
SF:src/middleware/auth.ts
FN:1,(anonymous_1)
FN:14,(anonymous_9)
FN:51,(anonymous_10)
FN:52,(anonymous_11)
FN:73,(anonymous_12)
FNF:5
FNH:4
FNDA:62,(anonymous_1)
FNDA:111,(anonymous_9)
FNDA:8,(anonymous_10)
FNDA:15,(anonymous_11)
FNDA:0,(anonymous_12)
DA:1,84
DA:2,1
DA:3,1
DA:14,1
DA:19,111
DA:20,111
DA:22,111
DA:23,2
DA:26,109
DA:27,109
DA:30,109
DA:31,109
DA:32,0
DA:35,109
DA:36,109
DA:38,109
DA:40,2
DA:41,2
DA:43,0
DA:51,1
DA:52,8
DA:53,15
DA:54,0
DA:57,15
DA:58,6
DA:66,9
DA:73,2
DA:78,0
DA:79,0
DA:81,0
DA:82,0
DA:83,0
DA:85,0
DA:86,0
DA:87,0
DA:91,0
DA:94,0
LF:37
LH:24
BRDA:1,0,0,4
BRDA:1,1,0,1
BRDA:1,1,1,1
BRDA:1,1,2,0
BRDA:1,2,0,6
BRDA:1,2,1,6
BRDA:22,3,0,2
BRDA:22,4,0,111
BRDA:22,4,1,109
BRDA:31,5,0,0
BRDA:40,6,0,2
BRDA:40,6,1,0
BRDA:53,7,0,0
BRDA:57,8,0,6
BRDA:81,9,0,0
BRDA:81,10,0,0
BRDA:81,10,1,0
BRDA:85,11,0,0
BRDA:73,12,0,1
BRDA:73,12,1,0
BRF:20
BRH:11
end_of_record
TN:
SF:src/middleware/error.ts
FN:1,(anonymous_1)
FN:4,(anonymous_9)
FN:13,(anonymous_10)
FN:36,(anonymous_11)
FNF:4
FNH:3
FNDA:100,(anonymous_1)
FNDA:37,(anonymous_9)
FNDA:35,(anonymous_10)
FNDA:0,(anonymous_11)
DA:1,122
DA:3,1
DA:5,37
DA:6,37
DA:8,37
DA:9,37
DA:13,1
DA:19,35
DA:20,35
DA:22,35
DA:29,35
DA:36,2
DA:37,0
LF:13
LH:12
BRDA:1,0,0,4
BRDA:1,1,0,1
BRDA:1,1,1,1
BRDA:1,1,2,0
BRDA:1,2,0,6
BRDA:1,2,1,6
BRDA:6,3,0,0
BRDA:19,4,0,35
BRDA:19,4,1,1
BRDA:20,5,0,35
BRDA:20,5,1,0
BRDA:32,6,0,35
BRDA:32,6,1,35
BRDA:36,7,0,1
BRDA:36,7,1,0
BRF:15
BRH:11
end_of_record
TN:
SF:src/middleware/validate.ts
FN:1,(anonymous_1)
FN:5,(anonymous_7)
FN:6,(anonymous_8)
FNF:3
FNH:3
FNDA:22,(anonymous_1)
FNDA:9,(anonymous_7)
FNDA:184,(anonymous_8)
DA:1,38
DA:3,1
DA:5,2
DA:6,9
DA:7,184
DA:8,184
DA:9,179
DA:10,179
DA:12,5
DA:13,5
LF:10
LH:10
BRDA:1,0,0,2
BRDA:1,1,0,1
BRDA:1,1,1,1
BRDA:1,1,2,0
BRDA:1,2,0,2
BRDA:1,2,1,2
BRDA:12,3,0,5
BRDA:12,3,1,0
BRDA:5,4,0,1
BRDA:5,4,1,0
BRF:10
BRH:7
end_of_record
TN:
SF:src/routes/account.routes.ts
FN:1,(anonymous_1)
FNF:1
FNH:1
FNDA:11,(anonymous_1)
DA:1,26
DA:2,1
DA:3,1
DA:4,1
DA:8,1
DA:10,1
DA:41,1
DA:82,1
DA:110,1
DA:160,1
DA:207,1
DA:242,1
DA:244,1
LF:13
LH:13
BRDA:1,0,0,2
BRDA:1,1,0,1
BRDA:1,1,1,1
BRDA:1,1,2,0
BRDA:1,2,0,2
BRDA:1,2,1,2
BRF:6
BRH:5
end_of_record
TN:
SF:src/routes/auth.routes.ts
FN:1,(anonymous_1)
FNF:1
FNH:1
FNDA:11,(anonymous_1)
DA:1,26
DA:2,1
DA:3,1
DA:9,1
DA:11,1
DA:61,1
DA:95,1
DA:122,1
DA:149,1
DA:151,1
LF:10
LH:10
BRDA:1,0,0,2
BRDA:1,1,0,1
BRDA:1,1,1,1
BRDA:1,1,2,0
BRDA:1,2,0,2
BRDA:1,2,1,2
BRF:6
BRH:5
end_of_record
TN:
SF:src/routes/transaction.routes.ts
FN:1,(anonymous_1)
FNF:1
FNH:1
FNDA:11,(anonymous_1)
DA:1,26
DA:2,1
DA:3,1
DA:4,1
DA:9,1
DA:11,1
DA:42,1
DA:81,1
DA:113,1
DA:161,1
DA:210,1
DA:260,1
DA:267,1
LF:13
LH:13
BRDA:1,0,0,2
BRDA:1,1,0,1
BRDA:1,1,1,1
BRDA:1,1,2,0
BRDA:1,2,0,2
BRDA:1,2,1,2
BRF:6
BRH:5
end_of_record
TN:
SF:src/routes/user.routes.ts
FN:1,(anonymous_1)
FNF:1
FNH:1
FNDA:11,(anonymous_1)
DA:1,26
DA:2,1
DA:3,1
DA:4,1
DA:5,1
DA:7,1
DA:38,1
DA:71,1
DA:120,1
DA:169,1
DA:197,1
DA:230,1
DA:263,1
DA:310,1
DA:317,1
LF:15
LH:15
BRDA:1,0,0,2
BRDA:1,1,0,1
BRDA:1,1,1,1
BRDA:1,1,2,0
BRDA:1,2,0,2
BRDA:1,2,1,2
BRF:6
BRH:5
end_of_record
TN:
SF:src/services/account.service.ts
FN:1,(anonymous_1)
FN:6,(anonymous_7)
FN:46,(anonymous_8)
FN:79,(anonymous_9)
FN:102,(anonymous_10)
FN:165,(anonymous_11)
FN:195,(anonymous_12)
FN:218,(anonymous_13)
FNF:8
FNH:6
FNDA:349,(anonymous_1)
FNDA:0,(anonymous_7)
FNDA:2,(anonymous_8)
FNDA:13,(anonymous_9)
FNDA:48,(anonymous_10)
FNDA:1,(anonymous_11)
FNDA:2,(anonymous_12)
FNDA:0,(anonymous_13)
DA:1,373
DA:2,1
DA:5,1
DA:7,0
DA:9,0
DA:37,0
DA:47,2
DA:49,2
DA:70,2
DA:80,13
DA:95,13
DA:96,1
DA:99,12
DA:104,48
DA:108,48
DA:109,0
DA:113,48
DA:120,48
DA:121,1
DA:125,47
DA:126,47
DA:128,47
DA:129,47
DA:132,47
DA:133,47
DA:135,0
DA:140,47
DA:162,47
DA:167,1
DA:171,1
DA:172,0
DA:176,1
DA:192,1
DA:197,2
DA:201,2
DA:202,0
DA:206,2
DA:207,1
DA:211,1
DA:215,1
DA:219,0
DA:233,0
DA:234,0
DA:237,0
DA:239,1
LF:45
LH:34
BRDA:1,0,0,5
BRDA:1,1,0,3
BRDA:1,1,1,3
BRDA:1,1,2,1
BRDA:1,2,0,7
BRDA:1,2,1,7
BRDA:6,3,0,0
BRDA:6,4,0,0
BRDA:46,5,0,0
BRDA:46,6,0,0
BRDA:95,7,0,1
BRDA:108,8,0,0
BRDA:120,9,0,1
BRDA:132,10,0,47
BRDA:132,10,1,0
BRDA:171,11,0,0
BRDA:201,12,0,0
BRDA:206,13,0,1
BRDA:233,14,0,0
BRDA:239,15,0,1
BRDA:239,15,1,0
BRF:21
BRH:11
end_of_record
TN:
SF:src/services/auth.service.ts
FN:1,(anonymous_1)
FN:7,(anonymous_7)
FN:80,(anonymous_8)
FN:138,(anonymous_9)
FN:179,(anonymous_10)
FN:197,(anonymous_11)
FNF:6
FNH:5
FNDA:755,(anonymous_1)
FNDA:103,(anonymous_7)
FNDA:6,(anonymous_8)
FNDA:2,(anonymous_9)
FNDA:1,(anonymous_10)
FNDA:0,(anonymous_11)
DA:1,779
DA:2,1
DA:3,1
DA:6,1
DA:9,103
DA:12,103
DA:13,1
DA:17,102
DA:20,102
DA:21,1
DA:25,101
DA:28,101
DA:50,101
DA:57,101
DA:62,101
DA:63,101
DA:73,101
DA:82,6
DA:86,6
DA:87,1
DA:91,5
DA:92,5
DA:93,1
DA:96,4
DA:97,0
DA:101,4
DA:108,4
DA:113,4
DA:114,4
DA:124,4
DA:140,2
DA:141,2
DA:142,1
DA:146,1
DA:150,1
DA:151,0
DA:154,1
DA:155,0
DA:159,1
DA:163,1
DA:164,0
DA:167,1
DA:173,1
DA:181,1
DA:185,1
DA:186,1
DA:198,0
DA:202,0
DA:203,0
DA:206,0
DA:207,0
DA:210,0
DA:211,0
DA:214,0
DA:216,1
LF:55
LH:43
BRDA:1,0,0,5
BRDA:1,1,0,3
BRDA:1,1,1,3
BRDA:1,1,2,1
BRDA:1,2,0,7
BRDA:1,2,1,7
BRDA:12,3,0,1
BRDA:20,4,0,1
BRDA:35,5,0,101
BRDA:35,5,1,0
BRDA:86,6,0,1
BRDA:92,7,0,1
BRDA:96,8,0,0
BRDA:141,9,0,1
BRDA:150,10,0,0
BRDA:150,11,0,1
BRDA:150,11,1,1
BRDA:150,11,2,1
BRDA:154,12,0,0
BRDA:163,13,0,0
BRDA:185,14,0,1
BRDA:202,15,0,0
BRDA:206,16,0,0
BRDA:206,17,0,0
BRDA:206,17,1,0
BRDA:210,18,0,0
BRDA:216,19,0,1
BRDA:216,19,1,0
BRF:28
BRH:17
end_of_record
TN:
SF:src/services/transaction.service.ts
FN:1,(anonymous_1)
FN:10,(anonymous_7)
FN:58,(anonymous_8)
FN:109,(anonymous_9)
FN:168,(anonymous_10)
FN:228,(anonymous_11)
FN:310,(anonymous_12)
FNF:7
FNH:5
FNDA:104,(anonymous_1)
FNDA:0,(anonymous_7)
FNDA:2,(anonymous_8)
FNDA:6,(anonymous_9)
FNDA:8,(anonymous_10)
FNDA:5,(anonymous_11)
FNDA:0,(anonymous_12)
DA:1,128
DA:2,1
DA:9,1
DA:11,0
DA:13,0
DA:49,0
DA:59,2
DA:61,2
DA:100,2
DA:110,6
DA:114,6
DA:115,1
DA:119,5
DA:123,5
DA:124,0
DA:127,5
DA:128,1
DA:132,4
DA:158,4
DA:165,4
DA:169,8
DA:173,8
DA:174,1
DA:178,7
DA:179,1
DA:182,6
DA:183,0
DA:187,6
DA:188,1
DA:192,5
DA:218,5
DA:225,5
DA:229,5
DA:233,5
DA:237,5
DA:238,0
DA:241,5
DA:242,0
DA:246,5
DA:247,1
DA:250,4
DA:251,0
DA:255,4
DA:256,1
DA:260,3
DA:261,1
DA:265,2
DA:292,2
DA:307,2
DA:311,0
DA:325,0
DA:326,0
DA:329,0
DA:331,1
LF:54
LH:42
BRDA:1,0,0,5
BRDA:1,1,0,3
BRDA:1,1,1,3
BRDA:1,1,2,1
BRDA:1,2,0,7
BRDA:1,2,1,7
BRDA:10,3,0,0
BRDA:10,4,0,0
BRDA:58,5,0,0
BRDA:58,6,0,0
BRDA:114,7,0,1
BRDA:123,8,0,0
BRDA:123,9,0,5
BRDA:123,9,1,0
BRDA:127,10,0,1
BRDA:139,11,0,4
BRDA:139,11,1,3
BRDA:173,12,0,1
BRDA:178,13,0,1
BRDA:182,14,0,0
BRDA:187,15,0,1
BRDA:199,16,0,5
BRDA:199,16,1,4
BRDA:237,17,0,0
BRDA:241,18,0,0
BRDA:246,19,0,1
BRDA:250,20,0,0
BRDA:250,21,0,4
BRDA:250,21,1,4
BRDA:255,22,0,1
BRDA:260,23,0,1
BRDA:273,24,0,2
BRDA:273,24,1,1
BRDA:325,25,0,0
BRDA:331,26,0,1
BRDA:331,26,1,0
BRF:36
BRH:24
end_of_record
TN:
SF:src/services/user.service.ts
FN:1,(anonymous_1)
FN:6,(anonymous_7)
FN:38,(anonymous_8)
FN:71,(anonymous_9)
FN:117,(anonymous_10)
FN:170,(anonymous_11)
FN:183,(anonymous_12)
FN:200,(anonymous_13)
FN:221,(anonymous_14)
FN:242,(anonymous_15)
FNF:10
FNH:8
FNDA:53,(anonymous_1)
FNDA:2,(anonymous_7)
FNDA:3,(anonymous_8)
FNDA:0,(anonymous_9)
FNDA:2,(anonymous_10)
FNDA:2,(anonymous_11)
FNDA:0,(anonymous_12)
FNDA:1,(anonymous_13)
FNDA:2,(anonymous_14)
FNDA:1,(anonymous_15)
DA:1,77
DA:2,1
DA:5,1
DA:7,2
DA:9,2
DA:29,2
DA:39,3
DA:64,3
DA:65,1
DA:68,2
DA:73,0
DA:76,0
DA:77,0
DA:81,0
DA:84,0
DA:85,0
DA:89,0
DA:92,0
DA:114,0
DA:119,2
DA:120,2
DA:121,0
DA:125,2
DA:126,0
DA:129,0
DA:130,0
DA:135,2
DA:136,0
DA:139,0
DA:140,0
DA:145,2
DA:167,2
DA:172,2
DA:173,2
DA:174,1
DA:178,1
DA:180,1
DA:184,0
DA:201,1
DA:202,1
DA:203,0
DA:206,1
DA:222,2
DA:223,2
DA:224,0
DA:227,2
DA:243,1
DA:244,1
DA:245,0
DA:248,1
DA:262,1
LF:51
LH:31
BRDA:1,0,0,5
BRDA:1,1,0,3
BRDA:1,1,1,3
BRDA:1,1,2,1
BRDA:1,2,0,7
BRDA:1,2,1,7
BRDA:6,3,0,0
BRDA:6,4,0,0
BRDA:64,5,0,1
BRDA:76,6,0,0
BRDA:84,7,0,0
BRDA:89,8,0,0
BRDA:89,8,1,0
BRDA:99,9,0,0
BRDA:99,9,1,0
BRDA:120,10,0,0
BRDA:125,11,0,0
BRDA:125,12,0,2
BRDA:125,12,1,0
BRDA:129,13,0,0
BRDA:135,14,0,0
BRDA:135,15,0,2
BRDA:135,15,1,0
BRDA:139,16,0,0
BRDA:148,17,0,2
BRDA:148,17,1,0
BRDA:149,18,0,2
BRDA:149,18,1,1
BRDA:150,19,0,2
BRDA:150,19,1,2
BRDA:151,20,0,2
BRDA:151,20,1,2
BRDA:152,21,0,2
BRDA:152,21,1,2
BRDA:173,22,0,1
BRDA:202,23,0,0
BRDA:223,24,0,0
BRDA:244,25,0,0
BRDA:262,26,0,1
BRDA:262,26,1,0
BRF:40
BRH:20
end_of_record
TN:
SF:src/utils/helpers.ts
FN:1,(anonymous_1)
FN:15,(anonymous_12)
FN:27,(anonymous_13)
FN:28,(anonymous_14)
FN:38,(anonymous_15)
FN:51,(anonymous_16)
FN:62,(anonymous_17)
FN:74,(anonymous_18)
FNF:8
FNH:4
FNDA:315,(anonymous_1)
FNDA:0,(anonymous_12)
FNDA:0,(anonymous_13)
FNDA:0,(anonymous_14)
FNDA:0,(anonymous_15)
FNDA:101,(anonymous_16)
FNDA:5,(anonymous_17)
FNDA:47,(anonymous_18)
DA:1,346
DA:15,1
DA:16,0
DA:17,0
DA:27,1
DA:28,0
DA:38,1
DA:39,0
DA:51,1
DA:53,101
DA:62,1
DA:64,5
DA:74,2
DA:75,47
DA:76,47
DA:77,47
LF:16
LH:12
BRDA:1,0,0,7
BRDA:1,1,0,1
BRDA:1,1,1,1
BRDA:1,1,2,0
BRDA:1,2,0,12
BRDA:1,2,1,12
BRDA:15,3,0,0
BRDA:15,4,0,0
BRDA:38,5,0,0
BRDA:74,6,0,1
BRDA:74,6,1,0
BRF:11
BRH:6
end_of_record
TN:
SF:src/utils/jwt.ts
FN:1,(anonymous_1)
FN:15,(anonymous_12)
FN:25,(anonymous_13)
FN:35,(anonymous_14)
FN:47,(anonymous_15)
FN:59,(anonymous_16)
FNF:6
FNH:6
FNDA:444,(anonymous_1)
FNDA:106,(anonymous_12)
FNDA:106,(anonymous_13)
FNDA:109,(anonymous_14)
FNDA:2,(anonymous_15)
FNDA:106,(anonymous_16)
DA:1,489
DA:2,1
DA:15,1
DA:16,106
DA:25,1
DA:26,106
DA:35,1
DA:36,109
DA:37,109
DA:38,109
DA:40,0
DA:47,1
DA:48,2
DA:49,2
DA:50,2
DA:52,0
DA:59,2
DA:60,106
LF:18
LH:16
BRDA:1,0,0,13
BRDA:1,1,0,3
BRDA:1,1,1,3
BRDA:1,1,2,1
BRDA:1,2,0,24
BRDA:1,2,1,22
BRDA:59,3,0,1
BRDA:59,3,1,0
BRF:8
BRH:7
end_of_record
TN:
SF:src/zod-schema/auth-account.schema.ts
FN:1,(anonymous_1)
FNF:1
FNH:1
FNDA:19,(anonymous_1)
DA:1,55
DA:5,1
DA:17,1
DA:22,1
DA:28,1
DA:40,1
DA:48,1
DA:54,1
DA:60,1
DA:65,1
LF:10
LH:10
BRDA:1,0,0,9
BRDA:1,1,0,1
BRDA:1,1,1,1
BRDA:1,1,2,0
BRDA:1,2,0,16
BRDA:1,2,1,16
BRDA:65,3,0,1
BRDA:65,3,1,0
BRF:8
BRH:6
end_of_record
TN:
SF:src/zod-schema/index.ts
FN:1,(anonymous_1)
FNF:1
FNH:1
FNDA:6,(anonymous_1)
DA:1,37
DA:2,1
LF:2
LH:2
BRDA:1,0,0,10
BRDA:1,1,0,3
BRDA:1,1,1,3
BRDA:1,1,2,0
BRDA:1,2,0,17
BRDA:1,2,1,15
BRF:6
BRH:5
end_of_record
TN:
SF:src/zod-schema/user.schema.ts
FN:1,(anonymous_1)
FNF:1
FNH:1
FNDA:5,(anonymous_1)
DA:1,26
DA:3,1
DA:12,1
DA:14,1
DA:16,1
LF:5
LH:5
BRDA:1,0,0,4
BRDA:1,1,0,1
BRDA:1,1,1,1
BRDA:1,1,2,0
BRDA:1,2,0,6
BRDA:1,2,1,6
BRDA:16,3,0,1
BRDA:16,3,1,0
BRF:8
BRH:6
end_of_record
